e:\vulkan\pathtracinglearn\vk_mini_path_tracer\cmake_build\checkpoints\7_descriptors\vk_mini_path_tracer_7_descriptors.dir\debug\vc142.pdb
e:\vulkan\pathtracinglearn\vk_mini_path_tracer\cmake_build\checkpoints\7_descriptors\vk_mini_path_tracer_7_descriptors.dir\debug\main.obj
e:\vulkan\pathtracinglearn\vk_mini_path_tracer\cmake_build\checkpoints\7_descriptors\vk_mini_path_tracer_7_descriptors.dir\debug\perproject_globals.obj
e:\vulkan\pathtracinglearn\vk_mini_path_tracer\cmake_build\checkpoints\7_descriptors\vk_mini_path_tracer_7_descriptors.dir\debug\nsight_aftermath_vk.obj
e:\vulkan\pathtracinglearn\vk_mini_path_tracer\checkpoints\7_descriptors\shaders\raytrace.comp.glsl.spv
e:\vulkan\pathtracinglearn\vk_mini_path_tracer\cmake_build\checkpoints\7_descriptors\cmakefiles\generate.stamp
e:\vulkan\pathtracinglearn\bin_x64\debug\vk_mini_path_tracer_7_descriptors.exe
e:\vulkan\pathtracinglearn\vk_mini_path_tracer\cmake_build\checkpoints\7_descriptors\vk_mini_path_tracer_7_descriptors.dir\debug\vk_mini_path_tracer_7_descriptors.ilk
e:\vulkan\pathtracinglearn\bin_x64\debug\vk_mini_path_tracer_7_descriptors.pdb
e:\vulkan\pathtracinglearn\vk_mini_path_tracer\cmake_build\checkpoints\7_descriptors\vk_mini_path_tracer_7_descriptors.dir\debug\resources.res
e:\vulkan\pathtracinglearn\vk_mini_path_tracer\cmake_build\checkpoints\7_descriptors\vk_mini_path_tracer_7_descriptors.dir\debug\vk_mini_.add912fa.tlog\cl.command.1.tlog
e:\vulkan\pathtracinglearn\vk_mini_path_tracer\cmake_build\checkpoints\7_descriptors\vk_mini_path_tracer_7_descriptors.dir\debug\vk_mini_.add912fa.tlog\cl.read.1.tlog
e:\vulkan\pathtracinglearn\vk_mini_path_tracer\cmake_build\checkpoints\7_descriptors\vk_mini_path_tracer_7_descriptors.dir\debug\vk_mini_.add912fa.tlog\cl.write.1.tlog
e:\vulkan\pathtracinglearn\vk_mini_path_tracer\cmake_build\checkpoints\7_descriptors\vk_mini_path_tracer_7_descriptors.dir\debug\vk_mini_.add912fa.tlog\custombuild.command.1.tlog
e:\vulkan\pathtracinglearn\vk_mini_path_tracer\cmake_build\checkpoints\7_descriptors\vk_mini_path_tracer_7_descriptors.dir\debug\vk_mini_.add912fa.tlog\custombuild.read.1.tlog
e:\vulkan\pathtracinglearn\vk_mini_path_tracer\cmake_build\checkpoints\7_descriptors\vk_mini_path_tracer_7_descriptors.dir\debug\vk_mini_.add912fa.tlog\custombuild.write.1.tlog
e:\vulkan\pathtracinglearn\vk_mini_path_tracer\cmake_build\checkpoints\7_descriptors\vk_mini_path_tracer_7_descriptors.dir\debug\vk_mini_.add912fa.tlog\link.command.1.tlog
e:\vulkan\pathtracinglearn\vk_mini_path_tracer\cmake_build\checkpoints\7_descriptors\vk_mini_path_tracer_7_descriptors.dir\debug\vk_mini_.add912fa.tlog\link.read.1.tlog
e:\vulkan\pathtracinglearn\vk_mini_path_tracer\cmake_build\checkpoints\7_descriptors\vk_mini_path_tracer_7_descriptors.dir\debug\vk_mini_.add912fa.tlog\link.write.1.tlog
e:\vulkan\pathtracinglearn\vk_mini_path_tracer\cmake_build\checkpoints\7_descriptors\vk_mini_path_tracer_7_descriptors.dir\debug\vk_mini_.add912fa.tlog\rc.command.1.tlog
e:\vulkan\pathtracinglearn\vk_mini_path_tracer\cmake_build\checkpoints\7_descriptors\vk_mini_path_tracer_7_descriptors.dir\debug\vk_mini_.add912fa.tlog\rc.read.1.tlog
e:\vulkan\pathtracinglearn\vk_mini_path_tracer\cmake_build\checkpoints\7_descriptors\vk_mini_path_tracer_7_descriptors.dir\debug\vk_mini_.add912fa.tlog\rc.write.1.tlog
