e:\vulkan\pathtracinglearn\vk_mini_path_tracer\cmake_build\cmakefiles\generate.stamp
e:\vulkan\pathtracinglearn\vk_mini_path_tracer\cmake_build\nvpro_core\cmakefiles\generate.stamp
e:\vulkan\pathtracinglearn\vk_mini_path_tracer\cmake_build\nvpro_core\third_party\cmakefiles\generate.stamp
e:\vulkan\pathtracinglearn\vk_mini_path_tracer\cmake_build\nvpro_core\third_party\glfw\cmakefiles\generate.stamp
e:\vulkan\pathtracinglearn\vk_mini_path_tracer\cmake_build\nvpro_core\third_party\glfw\src\cmakefiles\generate.stamp
e:\vulkan\pathtracinglearn\vk_mini_path_tracer\cmake_build\_edit\cmakefiles\generate.stamp
e:\vulkan\pathtracinglearn\vk_mini_path_tracer\cmake_build\checkpoints\1_hello_vulkan\cmakefiles\generate.stamp
e:\vulkan\pathtracinglearn\vk_mini_path_tracer\cmake_build\checkpoints\2_extensions\cmakefiles\generate.stamp
e:\vulkan\pathtracinglearn\vk_mini_path_tracer\cmake_build\checkpoints\3_memory\cmakefiles\generate.stamp
e:\vulkan\pathtracinglearn\vk_mini_path_tracer\cmake_build\checkpoints\4_commands\cmakefiles\generate.stamp
e:\vulkan\pathtracinglearn\vk_mini_path_tracer\cmake_build\checkpoints\5_write_image\cmakefiles\generate.stamp
e:\vulkan\pathtracinglearn\vk_mini_path_tracer\cmake_build\checkpoints\6_compute_shader\cmakefiles\generate.stamp
e:\vulkan\pathtracinglearn\vk_mini_path_tracer\cmake_build\checkpoints\7_descriptors\cmakefiles\generate.stamp
e:\vulkan\pathtracinglearn\vk_mini_path_tracer\cmake_build\checkpoints\8_ray_tracing\cmakefiles\generate.stamp
e:\vulkan\pathtracinglearn\vk_mini_path_tracer\cmake_build\checkpoints\9_intersection\cmakefiles\generate.stamp
e:\vulkan\pathtracinglearn\vk_mini_path_tracer\cmake_build\checkpoints\10_mesh_data\cmakefiles\generate.stamp
e:\vulkan\pathtracinglearn\vk_mini_path_tracer\cmake_build\checkpoints\11_specular\cmakefiles\generate.stamp
e:\vulkan\pathtracinglearn\vk_mini_path_tracer\cmake_build\checkpoints\12_antialiasing\cmakefiles\generate.stamp
e:\vulkan\pathtracinglearn\vk_mini_path_tracer\cmake_build\vk_mini_path_tracer\cmakefiles\generate.stamp
e:\vulkan\pathtracinglearn\vk_mini_path_tracer\cmake_build\checkpoints\e1_gaussian\cmakefiles\generate.stamp
e:\vulkan\pathtracinglearn\vk_mini_path_tracer\cmake_build\checkpoints\e3_compaction\cmakefiles\generate.stamp
e:\vulkan\pathtracinglearn\vk_mini_path_tracer\cmake_build\checkpoints\e4_include\cmakefiles\generate.stamp
e:\vulkan\pathtracinglearn\vk_mini_path_tracer\cmake_build\checkpoints\e5_push_constants\cmakefiles\generate.stamp
e:\vulkan\pathtracinglearn\vk_mini_path_tracer\cmake_build\checkpoints\e6_more_samples\cmakefiles\generate.stamp
e:\vulkan\pathtracinglearn\vk_mini_path_tracer\cmake_build\checkpoints\e7_image\cmakefiles\generate.stamp
e:\vulkan\pathtracinglearn\vk_mini_path_tracer\cmake_build\checkpoints\e8_debug_names\cmakefiles\generate.stamp
e:\vulkan\pathtracinglearn\vk_mini_path_tracer\cmake_build\checkpoints\e9_instances\cmakefiles\generate.stamp
e:\vulkan\pathtracinglearn\vk_mini_path_tracer\cmake_build\checkpoints\e10_materials\cmakefiles\generate.stamp
e:\vulkan\pathtracinglearn\vk_mini_path_tracer\cmake_build\checkpoints\e11_rt_pipeline_1\cmakefiles\generate.stamp
e:\vulkan\pathtracinglearn\vk_mini_path_tracer\cmake_build\checkpoints\e11_rt_pipeline_2\cmakefiles\generate.stamp
e:\vulkan\pathtracinglearn\vk_mini_path_tracer\cmake_build\checkpoints\e11_rt_pipeline_3\cmakefiles\generate.stamp
e:\vulkan\pathtracinglearn\vk_mini_path_tracer\cmake_build\x64\debug\zero_check\zero_check.tlog\custombuild.command.1.tlog
e:\vulkan\pathtracinglearn\vk_mini_path_tracer\cmake_build\x64\debug\zero_check\zero_check.tlog\custombuild.read.1.tlog
e:\vulkan\pathtracinglearn\vk_mini_path_tracer\cmake_build\x64\debug\zero_check\zero_check.tlog\custombuild.write.1.tlog
