e:\vulkan\pathtracinglearn\vk_mini_path_tracer\cmake_build\checkpoints\8_ray_tracing\vk_mini_path_tracer_8_ray_tracing.dir\debug\vc142.pdb
e:\vulkan\pathtracinglearn\vk_mini_path_tracer\cmake_build\checkpoints\8_ray_tracing\vk_mini_path_tracer_8_ray_tracing.dir\debug\main.obj
e:\vulkan\pathtracinglearn\vk_mini_path_tracer\cmake_build\checkpoints\8_ray_tracing\vk_mini_path_tracer_8_ray_tracing.dir\debug\perproject_globals.obj
e:\vulkan\pathtracinglearn\vk_mini_path_tracer\cmake_build\checkpoints\8_ray_tracing\vk_mini_path_tracer_8_ray_tracing.dir\debug\nsight_aftermath_vk.obj
e:\vulkan\pathtracinglearn\vk_mini_path_tracer\checkpoints\8_ray_tracing\shaders\raytrace.comp.glsl.spv
e:\vulkan\pathtracinglearn\vk_mini_path_tracer\cmake_build\checkpoints\8_ray_tracing\cmakefiles\generate.stamp
e:\vulkan\pathtracinglearn\bin_x64\debug\vk_mini_path_tracer_8_ray_tracing.exe
e:\vulkan\pathtracinglearn\vk_mini_path_tracer\cmake_build\checkpoints\8_ray_tracing\vk_mini_path_tracer_8_ray_tracing.dir\debug\vk_mini_path_tracer_8_ray_tracing.ilk
e:\vulkan\pathtracinglearn\bin_x64\debug\vk_mini_path_tracer_8_ray_tracing.pdb
e:\vulkan\pathtracinglearn\vk_mini_path_tracer\cmake_build\checkpoints\8_ray_tracing\vk_mini_path_tracer_8_ray_tracing.dir\debug\resources.res
e:\vulkan\pathtracinglearn\vk_mini_path_tracer\cmake_build\checkpoints\8_ray_tracing\vk_mini_path_tracer_8_ray_tracing.dir\debug\vk_mini_.ef0a5714.tlog\cl.command.1.tlog
e:\vulkan\pathtracinglearn\vk_mini_path_tracer\cmake_build\checkpoints\8_ray_tracing\vk_mini_path_tracer_8_ray_tracing.dir\debug\vk_mini_.ef0a5714.tlog\cl.read.1.tlog
e:\vulkan\pathtracinglearn\vk_mini_path_tracer\cmake_build\checkpoints\8_ray_tracing\vk_mini_path_tracer_8_ray_tracing.dir\debug\vk_mini_.ef0a5714.tlog\cl.write.1.tlog
e:\vulkan\pathtracinglearn\vk_mini_path_tracer\cmake_build\checkpoints\8_ray_tracing\vk_mini_path_tracer_8_ray_tracing.dir\debug\vk_mini_.ef0a5714.tlog\custombuild.command.1.tlog
e:\vulkan\pathtracinglearn\vk_mini_path_tracer\cmake_build\checkpoints\8_ray_tracing\vk_mini_path_tracer_8_ray_tracing.dir\debug\vk_mini_.ef0a5714.tlog\custombuild.read.1.tlog
e:\vulkan\pathtracinglearn\vk_mini_path_tracer\cmake_build\checkpoints\8_ray_tracing\vk_mini_path_tracer_8_ray_tracing.dir\debug\vk_mini_.ef0a5714.tlog\custombuild.write.1.tlog
e:\vulkan\pathtracinglearn\vk_mini_path_tracer\cmake_build\checkpoints\8_ray_tracing\vk_mini_path_tracer_8_ray_tracing.dir\debug\vk_mini_.ef0a5714.tlog\link.command.1.tlog
e:\vulkan\pathtracinglearn\vk_mini_path_tracer\cmake_build\checkpoints\8_ray_tracing\vk_mini_path_tracer_8_ray_tracing.dir\debug\vk_mini_.ef0a5714.tlog\link.read.1.tlog
e:\vulkan\pathtracinglearn\vk_mini_path_tracer\cmake_build\checkpoints\8_ray_tracing\vk_mini_path_tracer_8_ray_tracing.dir\debug\vk_mini_.ef0a5714.tlog\link.write.1.tlog
e:\vulkan\pathtracinglearn\vk_mini_path_tracer\cmake_build\checkpoints\8_ray_tracing\vk_mini_path_tracer_8_ray_tracing.dir\debug\vk_mini_.ef0a5714.tlog\rc.command.1.tlog
e:\vulkan\pathtracinglearn\vk_mini_path_tracer\cmake_build\checkpoints\8_ray_tracing\vk_mini_path_tracer_8_ray_tracing.dir\debug\vk_mini_.ef0a5714.tlog\rc.read.1.tlog
e:\vulkan\pathtracinglearn\vk_mini_path_tracer\cmake_build\checkpoints\8_ray_tracing\vk_mini_path_tracer_8_ray_tracing.dir\debug\vk_mini_.ef0a5714.tlog\rc.write.1.tlog
