e:\vulkan\pathtracinglearn\vk_mini_path_tracer\cmake_build\checkpoints\9_intersection\vk_mini_path_tracer_9_intersection.dir\debug\vc142.pdb
e:\vulkan\pathtracinglearn\vk_mini_path_tracer\cmake_build\checkpoints\9_intersection\vk_mini_path_tracer_9_intersection.dir\debug\main.obj
e:\vulkan\pathtracinglearn\vk_mini_path_tracer\cmake_build\checkpoints\9_intersection\vk_mini_path_tracer_9_intersection.dir\debug\perproject_globals.obj
e:\vulkan\pathtracinglearn\vk_mini_path_tracer\cmake_build\checkpoints\9_intersection\vk_mini_path_tracer_9_intersection.dir\debug\nsight_aftermath_vk.obj
e:\vulkan\pathtracinglearn\vk_mini_path_tracer\checkpoints\9_intersection\shaders\raytrace.comp.glsl.spv
e:\vulkan\pathtracinglearn\vk_mini_path_tracer\cmake_build\checkpoints\9_intersection\cmakefiles\generate.stamp
e:\vulkan\pathtracinglearn\bin_x64\debug\vk_mini_path_tracer_9_intersection.exe
e:\vulkan\pathtracinglearn\vk_mini_path_tracer\cmake_build\checkpoints\9_intersection\vk_mini_path_tracer_9_intersection.dir\debug\vk_mini_path_tracer_9_intersection.ilk
e:\vulkan\pathtracinglearn\bin_x64\debug\vk_mini_path_tracer_9_intersection.pdb
e:\vulkan\pathtracinglearn\vk_mini_path_tracer\cmake_build\checkpoints\9_intersection\vk_mini_path_tracer_9_intersection.dir\debug\resources.res
e:\vulkan\pathtracinglearn\vk_mini_path_tracer\cmake_build\checkpoints\9_intersection\vk_mini_path_tracer_9_intersection.dir\debug\vk_mini_.ada9d9e1.tlog\cl.command.1.tlog
e:\vulkan\pathtracinglearn\vk_mini_path_tracer\cmake_build\checkpoints\9_intersection\vk_mini_path_tracer_9_intersection.dir\debug\vk_mini_.ada9d9e1.tlog\cl.read.1.tlog
e:\vulkan\pathtracinglearn\vk_mini_path_tracer\cmake_build\checkpoints\9_intersection\vk_mini_path_tracer_9_intersection.dir\debug\vk_mini_.ada9d9e1.tlog\cl.write.1.tlog
e:\vulkan\pathtracinglearn\vk_mini_path_tracer\cmake_build\checkpoints\9_intersection\vk_mini_path_tracer_9_intersection.dir\debug\vk_mini_.ada9d9e1.tlog\custombuild.command.1.tlog
e:\vulkan\pathtracinglearn\vk_mini_path_tracer\cmake_build\checkpoints\9_intersection\vk_mini_path_tracer_9_intersection.dir\debug\vk_mini_.ada9d9e1.tlog\custombuild.read.1.tlog
e:\vulkan\pathtracinglearn\vk_mini_path_tracer\cmake_build\checkpoints\9_intersection\vk_mini_path_tracer_9_intersection.dir\debug\vk_mini_.ada9d9e1.tlog\custombuild.write.1.tlog
e:\vulkan\pathtracinglearn\vk_mini_path_tracer\cmake_build\checkpoints\9_intersection\vk_mini_path_tracer_9_intersection.dir\debug\vk_mini_.ada9d9e1.tlog\link.command.1.tlog
e:\vulkan\pathtracinglearn\vk_mini_path_tracer\cmake_build\checkpoints\9_intersection\vk_mini_path_tracer_9_intersection.dir\debug\vk_mini_.ada9d9e1.tlog\link.read.1.tlog
e:\vulkan\pathtracinglearn\vk_mini_path_tracer\cmake_build\checkpoints\9_intersection\vk_mini_path_tracer_9_intersection.dir\debug\vk_mini_.ada9d9e1.tlog\link.write.1.tlog
e:\vulkan\pathtracinglearn\vk_mini_path_tracer\cmake_build\checkpoints\9_intersection\vk_mini_path_tracer_9_intersection.dir\debug\vk_mini_.ada9d9e1.tlog\rc.command.1.tlog
e:\vulkan\pathtracinglearn\vk_mini_path_tracer\cmake_build\checkpoints\9_intersection\vk_mini_path_tracer_9_intersection.dir\debug\vk_mini_.ada9d9e1.tlog\rc.read.1.tlog
e:\vulkan\pathtracinglearn\vk_mini_path_tracer\cmake_build\checkpoints\9_intersection\vk_mini_path_tracer_9_intersection.dir\debug\vk_mini_.ada9d9e1.tlog\rc.write.1.tlog
