e:\vulkan\pathtracinglearn\vk_mini_path_tracer\cmake_build\checkpoints\e7_image\vk_mini_path_tracer_e7_image.dir\debug\vc142.pdb
e:\vulkan\pathtracinglearn\vk_mini_path_tracer\cmake_build\checkpoints\e7_image\vk_mini_path_tracer_e7_image.dir\debug\main.obj
e:\vulkan\pathtracinglearn\vk_mini_path_tracer\cmake_build\checkpoints\e7_image\vk_mini_path_tracer_e7_image.dir\debug\perproject_globals.obj
e:\vulkan\pathtracinglearn\vk_mini_path_tracer\cmake_build\checkpoints\e7_image\vk_mini_path_tracer_e7_image.dir\debug\nsight_aftermath_vk.obj
e:\vulkan\pathtracinglearn\vk_mini_path_tracer\checkpoints\e7_image\shaders\raytrace.comp.glsl.spv
e:\vulkan\pathtracinglearn\vk_mini_path_tracer\cmake_build\checkpoints\e7_image\cmakefiles\generate.stamp
e:\vulkan\pathtracinglearn\bin_x64\debug\vk_mini_path_tracer_e7_image.exe
e:\vulkan\pathtracinglearn\vk_mini_path_tracer\cmake_build\checkpoints\e7_image\vk_mini_path_tracer_e7_image.dir\debug\vk_mini_path_tracer_e7_image.ilk
e:\vulkan\pathtracinglearn\bin_x64\debug\vk_mini_path_tracer_e7_image.pdb
e:\vulkan\pathtracinglearn\vk_mini_path_tracer\cmake_build\checkpoints\e7_image\vk_mini_path_tracer_e7_image.dir\debug\resources.res
e:\vulkan\pathtracinglearn\vk_mini_path_tracer\cmake_build\checkpoints\e7_image\vk_mini_path_tracer_e7_image.dir\debug\vk_mini_.4d3e885f.tlog\cl.command.1.tlog
e:\vulkan\pathtracinglearn\vk_mini_path_tracer\cmake_build\checkpoints\e7_image\vk_mini_path_tracer_e7_image.dir\debug\vk_mini_.4d3e885f.tlog\cl.read.1.tlog
e:\vulkan\pathtracinglearn\vk_mini_path_tracer\cmake_build\checkpoints\e7_image\vk_mini_path_tracer_e7_image.dir\debug\vk_mini_.4d3e885f.tlog\cl.write.1.tlog
e:\vulkan\pathtracinglearn\vk_mini_path_tracer\cmake_build\checkpoints\e7_image\vk_mini_path_tracer_e7_image.dir\debug\vk_mini_.4d3e885f.tlog\custombuild.command.1.tlog
e:\vulkan\pathtracinglearn\vk_mini_path_tracer\cmake_build\checkpoints\e7_image\vk_mini_path_tracer_e7_image.dir\debug\vk_mini_.4d3e885f.tlog\custombuild.read.1.tlog
e:\vulkan\pathtracinglearn\vk_mini_path_tracer\cmake_build\checkpoints\e7_image\vk_mini_path_tracer_e7_image.dir\debug\vk_mini_.4d3e885f.tlog\custombuild.write.1.tlog
e:\vulkan\pathtracinglearn\vk_mini_path_tracer\cmake_build\checkpoints\e7_image\vk_mini_path_tracer_e7_image.dir\debug\vk_mini_.4d3e885f.tlog\link.command.1.tlog
e:\vulkan\pathtracinglearn\vk_mini_path_tracer\cmake_build\checkpoints\e7_image\vk_mini_path_tracer_e7_image.dir\debug\vk_mini_.4d3e885f.tlog\link.read.1.tlog
e:\vulkan\pathtracinglearn\vk_mini_path_tracer\cmake_build\checkpoints\e7_image\vk_mini_path_tracer_e7_image.dir\debug\vk_mini_.4d3e885f.tlog\link.write.1.tlog
e:\vulkan\pathtracinglearn\vk_mini_path_tracer\cmake_build\checkpoints\e7_image\vk_mini_path_tracer_e7_image.dir\debug\vk_mini_.4d3e885f.tlog\rc.command.1.tlog
e:\vulkan\pathtracinglearn\vk_mini_path_tracer\cmake_build\checkpoints\e7_image\vk_mini_path_tracer_e7_image.dir\debug\vk_mini_.4d3e885f.tlog\rc.read.1.tlog
e:\vulkan\pathtracinglearn\vk_mini_path_tracer\cmake_build\checkpoints\e7_image\vk_mini_path_tracer_e7_image.dir\debug\vk_mini_.4d3e885f.tlog\rc.write.1.tlog
