e:\vulkan\pathtracinglearn\vk_mini_path_tracer\cmake_build\checkpoints\e11_rt_pipeline_3\vk_mini_path_tracer_e11_rt_pipeline_3.dir\debug\vc142.pdb
e:\vulkan\pathtracinglearn\vk_mini_path_tracer\cmake_build\checkpoints\e11_rt_pipeline_3\vk_mini_path_tracer_e11_rt_pipeline_3.dir\debug\main.obj
e:\vulkan\pathtracinglearn\vk_mini_path_tracer\cmake_build\checkpoints\e11_rt_pipeline_3\vk_mini_path_tracer_e11_rt_pipeline_3.dir\debug\nsight_aftermath_vk.obj
e:\vulkan\pathtracinglearn\vk_mini_path_tracer\cmake_build\checkpoints\e11_rt_pipeline_3\vk_mini_path_tracer_e11_rt_pipeline_3.dir\debug\perproject_globals.obj
e:\vulkan\pathtracinglearn\vk_mini_path_tracer\checkpoints\e11_rt_pipeline_3\shaders\material0.rchit.glsl.spv
e:\vulkan\pathtracinglearn\vk_mini_path_tracer\checkpoints\e11_rt_pipeline_3\shaders\material1.rchit.glsl.spv
e:\vulkan\pathtracinglearn\vk_mini_path_tracer\checkpoints\e11_rt_pipeline_3\shaders\material2.rchit.glsl.spv
e:\vulkan\pathtracinglearn\vk_mini_path_tracer\checkpoints\e11_rt_pipeline_3\shaders\material3.rchit.glsl.spv
e:\vulkan\pathtracinglearn\vk_mini_path_tracer\checkpoints\e11_rt_pipeline_3\shaders\material4.rchit.glsl.spv
e:\vulkan\pathtracinglearn\vk_mini_path_tracer\checkpoints\e11_rt_pipeline_3\shaders\material5.rchit.glsl.spv
e:\vulkan\pathtracinglearn\vk_mini_path_tracer\checkpoints\e11_rt_pipeline_3\shaders\material6.rchit.glsl.spv
e:\vulkan\pathtracinglearn\vk_mini_path_tracer\checkpoints\e11_rt_pipeline_3\shaders\material7.rchit.glsl.spv
e:\vulkan\pathtracinglearn\vk_mini_path_tracer\checkpoints\e11_rt_pipeline_3\shaders\material8.rchit.glsl.spv
e:\vulkan\pathtracinglearn\vk_mini_path_tracer\checkpoints\e11_rt_pipeline_3\shaders\raytrace.rgen.glsl.spv
e:\vulkan\pathtracinglearn\vk_mini_path_tracer\checkpoints\e11_rt_pipeline_3\shaders\raytrace.rmiss.glsl.spv
e:\vulkan\pathtracinglearn\vk_mini_path_tracer\cmake_build\checkpoints\e11_rt_pipeline_3\cmakefiles\generate.stamp
e:\vulkan\pathtracinglearn\bin_x64\debug\vk_mini_path_tracer_e11_rt_pipeline_3.exe
e:\vulkan\pathtracinglearn\vk_mini_path_tracer\cmake_build\checkpoints\e11_rt_pipeline_3\vk_mini_path_tracer_e11_rt_pipeline_3.dir\debug\vk_mini_path_tracer_e11_rt_pipeline_3.ilk
e:\vulkan\pathtracinglearn\bin_x64\debug\vk_mini_path_tracer_e11_rt_pipeline_3.pdb
e:\vulkan\pathtracinglearn\vk_mini_path_tracer\cmake_build\checkpoints\e11_rt_pipeline_3\vk_mini_path_tracer_e11_rt_pipeline_3.dir\debug\resources.res
e:\vulkan\pathtracinglearn\vk_mini_path_tracer\cmake_build\checkpoints\e11_rt_pipeline_3\vk_mini_path_tracer_e11_rt_pipeline_3.dir\debug\vk_mini_.f47b0522.tlog\cl.command.1.tlog
e:\vulkan\pathtracinglearn\vk_mini_path_tracer\cmake_build\checkpoints\e11_rt_pipeline_3\vk_mini_path_tracer_e11_rt_pipeline_3.dir\debug\vk_mini_.f47b0522.tlog\cl.read.1.tlog
e:\vulkan\pathtracinglearn\vk_mini_path_tracer\cmake_build\checkpoints\e11_rt_pipeline_3\vk_mini_path_tracer_e11_rt_pipeline_3.dir\debug\vk_mini_.f47b0522.tlog\cl.write.1.tlog
e:\vulkan\pathtracinglearn\vk_mini_path_tracer\cmake_build\checkpoints\e11_rt_pipeline_3\vk_mini_path_tracer_e11_rt_pipeline_3.dir\debug\vk_mini_.f47b0522.tlog\custombuild.command.1.tlog
e:\vulkan\pathtracinglearn\vk_mini_path_tracer\cmake_build\checkpoints\e11_rt_pipeline_3\vk_mini_path_tracer_e11_rt_pipeline_3.dir\debug\vk_mini_.f47b0522.tlog\custombuild.read.1.tlog
e:\vulkan\pathtracinglearn\vk_mini_path_tracer\cmake_build\checkpoints\e11_rt_pipeline_3\vk_mini_path_tracer_e11_rt_pipeline_3.dir\debug\vk_mini_.f47b0522.tlog\custombuild.write.1.tlog
e:\vulkan\pathtracinglearn\vk_mini_path_tracer\cmake_build\checkpoints\e11_rt_pipeline_3\vk_mini_path_tracer_e11_rt_pipeline_3.dir\debug\vk_mini_.f47b0522.tlog\link.command.1.tlog
e:\vulkan\pathtracinglearn\vk_mini_path_tracer\cmake_build\checkpoints\e11_rt_pipeline_3\vk_mini_path_tracer_e11_rt_pipeline_3.dir\debug\vk_mini_.f47b0522.tlog\link.read.1.tlog
e:\vulkan\pathtracinglearn\vk_mini_path_tracer\cmake_build\checkpoints\e11_rt_pipeline_3\vk_mini_path_tracer_e11_rt_pipeline_3.dir\debug\vk_mini_.f47b0522.tlog\link.write.1.tlog
e:\vulkan\pathtracinglearn\vk_mini_path_tracer\cmake_build\checkpoints\e11_rt_pipeline_3\vk_mini_path_tracer_e11_rt_pipeline_3.dir\debug\vk_mini_.f47b0522.tlog\rc.command.1.tlog
e:\vulkan\pathtracinglearn\vk_mini_path_tracer\cmake_build\checkpoints\e11_rt_pipeline_3\vk_mini_path_tracer_e11_rt_pipeline_3.dir\debug\vk_mini_.f47b0522.tlog\rc.read.1.tlog
e:\vulkan\pathtracinglearn\vk_mini_path_tracer\cmake_build\checkpoints\e11_rt_pipeline_3\vk_mini_path_tracer_e11_rt_pipeline_3.dir\debug\vk_mini_.f47b0522.tlog\rc.write.1.tlog
