e:\vulkan\pathtracinglearn\vk_mini_path_tracer\cmake_build\checkpoints\e10_materials\vk_mini_path_tracer_e10_materials.dir\debug\vc142.pdb
e:\vulkan\pathtracinglearn\vk_mini_path_tracer\cmake_build\checkpoints\e10_materials\vk_mini_path_tracer_e10_materials.dir\debug\main.obj
e:\vulkan\pathtracinglearn\vk_mini_path_tracer\cmake_build\checkpoints\e10_materials\vk_mini_path_tracer_e10_materials.dir\debug\perproject_globals.obj
e:\vulkan\pathtracinglearn\vk_mini_path_tracer\cmake_build\checkpoints\e10_materials\vk_mini_path_tracer_e10_materials.dir\debug\nsight_aftermath_vk.obj
e:\vulkan\pathtracinglearn\vk_mini_path_tracer\checkpoints\e10_materials\shaders\raytrace.comp.glsl.spv
e:\vulkan\pathtracinglearn\vk_mini_path_tracer\cmake_build\checkpoints\e10_materials\cmakefiles\generate.stamp
e:\vulkan\pathtracinglearn\bin_x64\debug\vk_mini_path_tracer_e10_materials.exe
e:\vulkan\pathtracinglearn\vk_mini_path_tracer\cmake_build\checkpoints\e10_materials\vk_mini_path_tracer_e10_materials.dir\debug\vk_mini_path_tracer_e10_materials.ilk
e:\vulkan\pathtracinglearn\bin_x64\debug\vk_mini_path_tracer_e10_materials.pdb
e:\vulkan\pathtracinglearn\vk_mini_path_tracer\cmake_build\checkpoints\e10_materials\vk_mini_path_tracer_e10_materials.dir\debug\resources.res
e:\vulkan\pathtracinglearn\vk_mini_path_tracer\cmake_build\checkpoints\e10_materials\vk_mini_path_tracer_e10_materials.dir\debug\vk_mini_.4cfaf9a6.tlog\cl.command.1.tlog
e:\vulkan\pathtracinglearn\vk_mini_path_tracer\cmake_build\checkpoints\e10_materials\vk_mini_path_tracer_e10_materials.dir\debug\vk_mini_.4cfaf9a6.tlog\cl.read.1.tlog
e:\vulkan\pathtracinglearn\vk_mini_path_tracer\cmake_build\checkpoints\e10_materials\vk_mini_path_tracer_e10_materials.dir\debug\vk_mini_.4cfaf9a6.tlog\cl.write.1.tlog
e:\vulkan\pathtracinglearn\vk_mini_path_tracer\cmake_build\checkpoints\e10_materials\vk_mini_path_tracer_e10_materials.dir\debug\vk_mini_.4cfaf9a6.tlog\custombuild.command.1.tlog
e:\vulkan\pathtracinglearn\vk_mini_path_tracer\cmake_build\checkpoints\e10_materials\vk_mini_path_tracer_e10_materials.dir\debug\vk_mini_.4cfaf9a6.tlog\custombuild.read.1.tlog
e:\vulkan\pathtracinglearn\vk_mini_path_tracer\cmake_build\checkpoints\e10_materials\vk_mini_path_tracer_e10_materials.dir\debug\vk_mini_.4cfaf9a6.tlog\custombuild.write.1.tlog
e:\vulkan\pathtracinglearn\vk_mini_path_tracer\cmake_build\checkpoints\e10_materials\vk_mini_path_tracer_e10_materials.dir\debug\vk_mini_.4cfaf9a6.tlog\link.command.1.tlog
e:\vulkan\pathtracinglearn\vk_mini_path_tracer\cmake_build\checkpoints\e10_materials\vk_mini_path_tracer_e10_materials.dir\debug\vk_mini_.4cfaf9a6.tlog\link.read.1.tlog
e:\vulkan\pathtracinglearn\vk_mini_path_tracer\cmake_build\checkpoints\e10_materials\vk_mini_path_tracer_e10_materials.dir\debug\vk_mini_.4cfaf9a6.tlog\link.write.1.tlog
e:\vulkan\pathtracinglearn\vk_mini_path_tracer\cmake_build\checkpoints\e10_materials\vk_mini_path_tracer_e10_materials.dir\debug\vk_mini_.4cfaf9a6.tlog\rc.command.1.tlog
e:\vulkan\pathtracinglearn\vk_mini_path_tracer\cmake_build\checkpoints\e10_materials\vk_mini_path_tracer_e10_materials.dir\debug\vk_mini_.4cfaf9a6.tlog\rc.read.1.tlog
e:\vulkan\pathtracinglearn\vk_mini_path_tracer\cmake_build\checkpoints\e10_materials\vk_mini_path_tracer_e10_materials.dir\debug\vk_mini_.4cfaf9a6.tlog\rc.write.1.tlog
