e:\vulkan\pathtracinglearn\vk_mini_path_tracer\cmake_build\checkpoints\e11_rt_pipeline_1\vk_mini_path_tracer_e11_rt_pipeline_1.dir\debug\vc142.pdb
e:\vulkan\pathtracinglearn\vk_mini_path_tracer\cmake_build\checkpoints\e11_rt_pipeline_1\vk_mini_path_tracer_e11_rt_pipeline_1.dir\debug\main.obj
e:\vulkan\pathtracinglearn\vk_mini_path_tracer\cmake_build\checkpoints\e11_rt_pipeline_1\vk_mini_path_tracer_e11_rt_pipeline_1.dir\debug\perproject_globals.obj
e:\vulkan\pathtracinglearn\vk_mini_path_tracer\cmake_build\checkpoints\e11_rt_pipeline_1\vk_mini_path_tracer_e11_rt_pipeline_1.dir\debug\nsight_aftermath_vk.obj
e:\vulkan\pathtracinglearn\vk_mini_path_tracer\checkpoints\e11_rt_pipeline_1\shaders\raytrace.rgen.glsl.spv
e:\vulkan\pathtracinglearn\vk_mini_path_tracer\cmake_build\checkpoints\e11_rt_pipeline_1\cmakefiles\generate.stamp
e:\vulkan\pathtracinglearn\bin_x64\debug\vk_mini_path_tracer_e11_rt_pipeline_1.exe
e:\vulkan\pathtracinglearn\vk_mini_path_tracer\cmake_build\checkpoints\e11_rt_pipeline_1\vk_mini_path_tracer_e11_rt_pipeline_1.dir\debug\vk_mini_path_tracer_e11_rt_pipeline_1.ilk
e:\vulkan\pathtracinglearn\bin_x64\debug\vk_mini_path_tracer_e11_rt_pipeline_1.pdb
e:\vulkan\pathtracinglearn\vk_mini_path_tracer\cmake_build\checkpoints\e11_rt_pipeline_1\vk_mini_path_tracer_e11_rt_pipeline_1.dir\debug\resources.res
e:\vulkan\pathtracinglearn\vk_mini_path_tracer\cmake_build\checkpoints\e11_rt_pipeline_1\vk_mini_path_tracer_e11_rt_pipeline_1.dir\debug\vk_mini_.c7e27719.tlog\cl.command.1.tlog
e:\vulkan\pathtracinglearn\vk_mini_path_tracer\cmake_build\checkpoints\e11_rt_pipeline_1\vk_mini_path_tracer_e11_rt_pipeline_1.dir\debug\vk_mini_.c7e27719.tlog\cl.read.1.tlog
e:\vulkan\pathtracinglearn\vk_mini_path_tracer\cmake_build\checkpoints\e11_rt_pipeline_1\vk_mini_path_tracer_e11_rt_pipeline_1.dir\debug\vk_mini_.c7e27719.tlog\cl.write.1.tlog
e:\vulkan\pathtracinglearn\vk_mini_path_tracer\cmake_build\checkpoints\e11_rt_pipeline_1\vk_mini_path_tracer_e11_rt_pipeline_1.dir\debug\vk_mini_.c7e27719.tlog\custombuild.command.1.tlog
e:\vulkan\pathtracinglearn\vk_mini_path_tracer\cmake_build\checkpoints\e11_rt_pipeline_1\vk_mini_path_tracer_e11_rt_pipeline_1.dir\debug\vk_mini_.c7e27719.tlog\custombuild.read.1.tlog
e:\vulkan\pathtracinglearn\vk_mini_path_tracer\cmake_build\checkpoints\e11_rt_pipeline_1\vk_mini_path_tracer_e11_rt_pipeline_1.dir\debug\vk_mini_.c7e27719.tlog\custombuild.write.1.tlog
e:\vulkan\pathtracinglearn\vk_mini_path_tracer\cmake_build\checkpoints\e11_rt_pipeline_1\vk_mini_path_tracer_e11_rt_pipeline_1.dir\debug\vk_mini_.c7e27719.tlog\link.command.1.tlog
e:\vulkan\pathtracinglearn\vk_mini_path_tracer\cmake_build\checkpoints\e11_rt_pipeline_1\vk_mini_path_tracer_e11_rt_pipeline_1.dir\debug\vk_mini_.c7e27719.tlog\link.read.1.tlog
e:\vulkan\pathtracinglearn\vk_mini_path_tracer\cmake_build\checkpoints\e11_rt_pipeline_1\vk_mini_path_tracer_e11_rt_pipeline_1.dir\debug\vk_mini_.c7e27719.tlog\link.write.1.tlog
e:\vulkan\pathtracinglearn\vk_mini_path_tracer\cmake_build\checkpoints\e11_rt_pipeline_1\vk_mini_path_tracer_e11_rt_pipeline_1.dir\debug\vk_mini_.c7e27719.tlog\rc.command.1.tlog
e:\vulkan\pathtracinglearn\vk_mini_path_tracer\cmake_build\checkpoints\e11_rt_pipeline_1\vk_mini_path_tracer_e11_rt_pipeline_1.dir\debug\vk_mini_.c7e27719.tlog\rc.read.1.tlog
e:\vulkan\pathtracinglearn\vk_mini_path_tracer\cmake_build\checkpoints\e11_rt_pipeline_1\vk_mini_path_tracer_e11_rt_pipeline_1.dir\debug\vk_mini_.c7e27719.tlog\rc.write.1.tlog
