e:\vulkan\pathtracinglearn\vk_mini_path_tracer\cmake_build\checkpoints\e1_gaussian\vk_mini_path_tracer_e1_gaussian.dir\debug\vc142.pdb
e:\vulkan\pathtracinglearn\vk_mini_path_tracer\cmake_build\checkpoints\e1_gaussian\vk_mini_path_tracer_e1_gaussian.dir\debug\main.obj
e:\vulkan\pathtracinglearn\vk_mini_path_tracer\cmake_build\checkpoints\e1_gaussian\vk_mini_path_tracer_e1_gaussian.dir\debug\perproject_globals.obj
e:\vulkan\pathtracinglearn\vk_mini_path_tracer\cmake_build\checkpoints\e1_gaussian\vk_mini_path_tracer_e1_gaussian.dir\debug\nsight_aftermath_vk.obj
e:\vulkan\pathtracinglearn\vk_mini_path_tracer\checkpoints\e1_gaussian\shaders\raytrace.comp.glsl.spv
e:\vulkan\pathtracinglearn\vk_mini_path_tracer\cmake_build\checkpoints\e1_gaussian\cmakefiles\generate.stamp
e:\vulkan\pathtracinglearn\bin_x64\debug\vk_mini_path_tracer_e1_gaussian.exe
e:\vulkan\pathtracinglearn\vk_mini_path_tracer\cmake_build\checkpoints\e1_gaussian\vk_mini_path_tracer_e1_gaussian.dir\debug\vk_mini_path_tracer_e1_gaussian.ilk
e:\vulkan\pathtracinglearn\bin_x64\debug\vk_mini_path_tracer_e1_gaussian.pdb
e:\vulkan\pathtracinglearn\vk_mini_path_tracer\cmake_build\checkpoints\e1_gaussian\vk_mini_path_tracer_e1_gaussian.dir\debug\resources.res
e:\vulkan\pathtracinglearn\vk_mini_path_tracer\cmake_build\checkpoints\e1_gaussian\vk_mini_path_tracer_e1_gaussian.dir\debug\vk_mini_.ad249a03.tlog\cl.command.1.tlog
e:\vulkan\pathtracinglearn\vk_mini_path_tracer\cmake_build\checkpoints\e1_gaussian\vk_mini_path_tracer_e1_gaussian.dir\debug\vk_mini_.ad249a03.tlog\cl.read.1.tlog
e:\vulkan\pathtracinglearn\vk_mini_path_tracer\cmake_build\checkpoints\e1_gaussian\vk_mini_path_tracer_e1_gaussian.dir\debug\vk_mini_.ad249a03.tlog\cl.write.1.tlog
e:\vulkan\pathtracinglearn\vk_mini_path_tracer\cmake_build\checkpoints\e1_gaussian\vk_mini_path_tracer_e1_gaussian.dir\debug\vk_mini_.ad249a03.tlog\custombuild.command.1.tlog
e:\vulkan\pathtracinglearn\vk_mini_path_tracer\cmake_build\checkpoints\e1_gaussian\vk_mini_path_tracer_e1_gaussian.dir\debug\vk_mini_.ad249a03.tlog\custombuild.read.1.tlog
e:\vulkan\pathtracinglearn\vk_mini_path_tracer\cmake_build\checkpoints\e1_gaussian\vk_mini_path_tracer_e1_gaussian.dir\debug\vk_mini_.ad249a03.tlog\custombuild.write.1.tlog
e:\vulkan\pathtracinglearn\vk_mini_path_tracer\cmake_build\checkpoints\e1_gaussian\vk_mini_path_tracer_e1_gaussian.dir\debug\vk_mini_.ad249a03.tlog\link.command.1.tlog
e:\vulkan\pathtracinglearn\vk_mini_path_tracer\cmake_build\checkpoints\e1_gaussian\vk_mini_path_tracer_e1_gaussian.dir\debug\vk_mini_.ad249a03.tlog\link.read.1.tlog
e:\vulkan\pathtracinglearn\vk_mini_path_tracer\cmake_build\checkpoints\e1_gaussian\vk_mini_path_tracer_e1_gaussian.dir\debug\vk_mini_.ad249a03.tlog\link.write.1.tlog
e:\vulkan\pathtracinglearn\vk_mini_path_tracer\cmake_build\checkpoints\e1_gaussian\vk_mini_path_tracer_e1_gaussian.dir\debug\vk_mini_.ad249a03.tlog\rc.command.1.tlog
e:\vulkan\pathtracinglearn\vk_mini_path_tracer\cmake_build\checkpoints\e1_gaussian\vk_mini_path_tracer_e1_gaussian.dir\debug\vk_mini_.ad249a03.tlog\rc.read.1.tlog
e:\vulkan\pathtracinglearn\vk_mini_path_tracer\cmake_build\checkpoints\e1_gaussian\vk_mini_path_tracer_e1_gaussian.dir\debug\vk_mini_.ad249a03.tlog\rc.write.1.tlog
