e:\vulkan\pathtracinglearn\vk_mini_path_tracer\cmake_build\_edit\vk_mini_path_tracer__edit.dir\debug\perproject_globals.obj
e:\vulkan\pathtracinglearn\vk_mini_path_tracer\cmake_build\_edit\vk_mini_path_tracer__edit.dir\debug\nsight_aftermath_vk.obj
e:\vulkan\pathtracinglearn\vk_mini_path_tracer\cmake_build\_edit\vk_mini_path_tracer__edit.dir\debug\main.obj
e:\vulkan\pathtracinglearn\vk_mini_path_tracer\cmake_build\_edit\vk_mini_path_tracer__edit.dir\debug\vc142.pdb
e:\vulkan\pathtracinglearn\vk_mini_path_tracer\_edit\shaders\raytrace.comp.glsl.spv
e:\vulkan\pathtracinglearn\vk_mini_path_tracer\cmake_build\_edit\cmakefiles\generate.stamp
e:\vulkan\pathtracinglearn\bin_x64\debug\vk_mini_path_tracer__edit.exe
e:\vulkan\pathtracinglearn\vk_mini_path_tracer\cmake_build\_edit\vk_mini_path_tracer__edit.dir\debug\vk_mini_path_tracer__edit.ilk
e:\vulkan\pathtracinglearn\bin_x64\debug\vk_mini_path_tracer__edit.pdb
e:\vulkan\pathtracinglearn\vk_mini_path_tracer\cmake_build\_edit\vk_mini_path_tracer__edit.dir\debug\resources.res
e:\vulkan\pathtracinglearn\vk_mini_path_tracer\cmake_build\_edit\vk_mini_path_tracer__edit.dir\debug\vk_mini_.3b9f7442.tlog\cl.command.1.tlog
e:\vulkan\pathtracinglearn\vk_mini_path_tracer\cmake_build\_edit\vk_mini_path_tracer__edit.dir\debug\vk_mini_.3b9f7442.tlog\cl.read.1.tlog
e:\vulkan\pathtracinglearn\vk_mini_path_tracer\cmake_build\_edit\vk_mini_path_tracer__edit.dir\debug\vk_mini_.3b9f7442.tlog\cl.write.1.tlog
e:\vulkan\pathtracinglearn\vk_mini_path_tracer\cmake_build\_edit\vk_mini_path_tracer__edit.dir\debug\vk_mini_.3b9f7442.tlog\custombuild.command.1.tlog
e:\vulkan\pathtracinglearn\vk_mini_path_tracer\cmake_build\_edit\vk_mini_path_tracer__edit.dir\debug\vk_mini_.3b9f7442.tlog\custombuild.read.1.tlog
e:\vulkan\pathtracinglearn\vk_mini_path_tracer\cmake_build\_edit\vk_mini_path_tracer__edit.dir\debug\vk_mini_.3b9f7442.tlog\custombuild.write.1.tlog
e:\vulkan\pathtracinglearn\vk_mini_path_tracer\cmake_build\_edit\vk_mini_path_tracer__edit.dir\debug\vk_mini_.3b9f7442.tlog\link.command.1.tlog
e:\vulkan\pathtracinglearn\vk_mini_path_tracer\cmake_build\_edit\vk_mini_path_tracer__edit.dir\debug\vk_mini_.3b9f7442.tlog\link.read.1.tlog
e:\vulkan\pathtracinglearn\vk_mini_path_tracer\cmake_build\_edit\vk_mini_path_tracer__edit.dir\debug\vk_mini_.3b9f7442.tlog\link.write.1.tlog
e:\vulkan\pathtracinglearn\vk_mini_path_tracer\cmake_build\_edit\vk_mini_path_tracer__edit.dir\debug\vk_mini_.3b9f7442.tlog\rc.command.1.tlog
e:\vulkan\pathtracinglearn\vk_mini_path_tracer\cmake_build\_edit\vk_mini_path_tracer__edit.dir\debug\vk_mini_.3b9f7442.tlog\rc.read.1.tlog
e:\vulkan\pathtracinglearn\vk_mini_path_tracer\cmake_build\_edit\vk_mini_path_tracer__edit.dir\debug\vk_mini_.3b9f7442.tlog\rc.write.1.tlog
