e:\vulkan\pathtracinglearn\vk_mini_path_tracer\cmake_build\checkpoints\e3_compaction\vk_mini_path_tracer_e3_compaction.dir\debug\vc142.pdb
e:\vulkan\pathtracinglearn\vk_mini_path_tracer\cmake_build\checkpoints\e3_compaction\vk_mini_path_tracer_e3_compaction.dir\debug\main.obj
e:\vulkan\pathtracinglearn\vk_mini_path_tracer\cmake_build\checkpoints\e3_compaction\vk_mini_path_tracer_e3_compaction.dir\debug\nsight_aftermath_vk.obj
e:\vulkan\pathtracinglearn\vk_mini_path_tracer\cmake_build\checkpoints\e3_compaction\vk_mini_path_tracer_e3_compaction.dir\debug\perproject_globals.obj
e:\vulkan\pathtracinglearn\vk_mini_path_tracer\checkpoints\e3_compaction\shaders\raytrace.comp.glsl.spv
e:\vulkan\pathtracinglearn\vk_mini_path_tracer\cmake_build\checkpoints\e3_compaction\cmakefiles\generate.stamp
e:\vulkan\pathtracinglearn\bin_x64\debug\vk_mini_path_tracer_e3_compaction.exe
e:\vulkan\pathtracinglearn\vk_mini_path_tracer\cmake_build\checkpoints\e3_compaction\vk_mini_path_tracer_e3_compaction.dir\debug\vk_mini_path_tracer_e3_compaction.ilk
e:\vulkan\pathtracinglearn\bin_x64\debug\vk_mini_path_tracer_e3_compaction.pdb
e:\vulkan\pathtracinglearn\vk_mini_path_tracer\cmake_build\checkpoints\e3_compaction\vk_mini_path_tracer_e3_compaction.dir\debug\resources.res
e:\vulkan\pathtracinglearn\vk_mini_path_tracer\cmake_build\checkpoints\e3_compaction\vk_mini_path_tracer_e3_compaction.dir\debug\vk_mini_.b71608ca.tlog\cl.command.1.tlog
e:\vulkan\pathtracinglearn\vk_mini_path_tracer\cmake_build\checkpoints\e3_compaction\vk_mini_path_tracer_e3_compaction.dir\debug\vk_mini_.b71608ca.tlog\cl.read.1.tlog
e:\vulkan\pathtracinglearn\vk_mini_path_tracer\cmake_build\checkpoints\e3_compaction\vk_mini_path_tracer_e3_compaction.dir\debug\vk_mini_.b71608ca.tlog\cl.write.1.tlog
e:\vulkan\pathtracinglearn\vk_mini_path_tracer\cmake_build\checkpoints\e3_compaction\vk_mini_path_tracer_e3_compaction.dir\debug\vk_mini_.b71608ca.tlog\custombuild.command.1.tlog
e:\vulkan\pathtracinglearn\vk_mini_path_tracer\cmake_build\checkpoints\e3_compaction\vk_mini_path_tracer_e3_compaction.dir\debug\vk_mini_.b71608ca.tlog\custombuild.read.1.tlog
e:\vulkan\pathtracinglearn\vk_mini_path_tracer\cmake_build\checkpoints\e3_compaction\vk_mini_path_tracer_e3_compaction.dir\debug\vk_mini_.b71608ca.tlog\custombuild.write.1.tlog
e:\vulkan\pathtracinglearn\vk_mini_path_tracer\cmake_build\checkpoints\e3_compaction\vk_mini_path_tracer_e3_compaction.dir\debug\vk_mini_.b71608ca.tlog\link.command.1.tlog
e:\vulkan\pathtracinglearn\vk_mini_path_tracer\cmake_build\checkpoints\e3_compaction\vk_mini_path_tracer_e3_compaction.dir\debug\vk_mini_.b71608ca.tlog\link.read.1.tlog
e:\vulkan\pathtracinglearn\vk_mini_path_tracer\cmake_build\checkpoints\e3_compaction\vk_mini_path_tracer_e3_compaction.dir\debug\vk_mini_.b71608ca.tlog\link.write.1.tlog
e:\vulkan\pathtracinglearn\vk_mini_path_tracer\cmake_build\checkpoints\e3_compaction\vk_mini_path_tracer_e3_compaction.dir\debug\vk_mini_.b71608ca.tlog\rc.command.1.tlog
e:\vulkan\pathtracinglearn\vk_mini_path_tracer\cmake_build\checkpoints\e3_compaction\vk_mini_path_tracer_e3_compaction.dir\debug\vk_mini_.b71608ca.tlog\rc.read.1.tlog
e:\vulkan\pathtracinglearn\vk_mini_path_tracer\cmake_build\checkpoints\e3_compaction\vk_mini_path_tracer_e3_compaction.dir\debug\vk_mini_.b71608ca.tlog\rc.write.1.tlog
