e:\vulkan\pathtracinglearn\vk_mini_path_tracer\cmake_build\checkpoints\e11_rt_pipeline_2\vk_mini_path_tracer_e11_rt_pipeline_2.dir\debug\vc142.pdb
e:\vulkan\pathtracinglearn\vk_mini_path_tracer\cmake_build\checkpoints\e11_rt_pipeline_2\vk_mini_path_tracer_e11_rt_pipeline_2.dir\debug\main.obj
e:\vulkan\pathtracinglearn\vk_mini_path_tracer\cmake_build\checkpoints\e11_rt_pipeline_2\vk_mini_path_tracer_e11_rt_pipeline_2.dir\debug\nsight_aftermath_vk.obj
e:\vulkan\pathtracinglearn\vk_mini_path_tracer\cmake_build\checkpoints\e11_rt_pipeline_2\vk_mini_path_tracer_e11_rt_pipeline_2.dir\debug\perproject_globals.obj
e:\vulkan\pathtracinglearn\vk_mini_path_tracer\checkpoints\e11_rt_pipeline_2\shaders\material0.rchit.glsl.spv
e:\vulkan\pathtracinglearn\vk_mini_path_tracer\checkpoints\e11_rt_pipeline_2\shaders\raytrace.rgen.glsl.spv
e:\vulkan\pathtracinglearn\vk_mini_path_tracer\checkpoints\e11_rt_pipeline_2\shaders\raytrace.rmiss.glsl.spv
e:\vulkan\pathtracinglearn\vk_mini_path_tracer\cmake_build\checkpoints\e11_rt_pipeline_2\cmakefiles\generate.stamp
e:\vulkan\pathtracinglearn\bin_x64\debug\vk_mini_path_tracer_e11_rt_pipeline_2.exe
e:\vulkan\pathtracinglearn\vk_mini_path_tracer\cmake_build\checkpoints\e11_rt_pipeline_2\vk_mini_path_tracer_e11_rt_pipeline_2.dir\debug\vk_mini_path_tracer_e11_rt_pipeline_2.ilk
e:\vulkan\pathtracinglearn\bin_x64\debug\vk_mini_path_tracer_e11_rt_pipeline_2.pdb
e:\vulkan\pathtracinglearn\vk_mini_path_tracer\cmake_build\checkpoints\e11_rt_pipeline_2\vk_mini_path_tracer_e11_rt_pipeline_2.dir\debug\resources.res
e:\vulkan\pathtracinglearn\vk_mini_path_tracer\cmake_build\checkpoints\e11_rt_pipeline_2\vk_mini_path_tracer_e11_rt_pipeline_2.dir\debug\vk_mini_.113d4e32.tlog\cl.command.1.tlog
e:\vulkan\pathtracinglearn\vk_mini_path_tracer\cmake_build\checkpoints\e11_rt_pipeline_2\vk_mini_path_tracer_e11_rt_pipeline_2.dir\debug\vk_mini_.113d4e32.tlog\cl.read.1.tlog
e:\vulkan\pathtracinglearn\vk_mini_path_tracer\cmake_build\checkpoints\e11_rt_pipeline_2\vk_mini_path_tracer_e11_rt_pipeline_2.dir\debug\vk_mini_.113d4e32.tlog\cl.write.1.tlog
e:\vulkan\pathtracinglearn\vk_mini_path_tracer\cmake_build\checkpoints\e11_rt_pipeline_2\vk_mini_path_tracer_e11_rt_pipeline_2.dir\debug\vk_mini_.113d4e32.tlog\custombuild.command.1.tlog
e:\vulkan\pathtracinglearn\vk_mini_path_tracer\cmake_build\checkpoints\e11_rt_pipeline_2\vk_mini_path_tracer_e11_rt_pipeline_2.dir\debug\vk_mini_.113d4e32.tlog\custombuild.read.1.tlog
e:\vulkan\pathtracinglearn\vk_mini_path_tracer\cmake_build\checkpoints\e11_rt_pipeline_2\vk_mini_path_tracer_e11_rt_pipeline_2.dir\debug\vk_mini_.113d4e32.tlog\custombuild.write.1.tlog
e:\vulkan\pathtracinglearn\vk_mini_path_tracer\cmake_build\checkpoints\e11_rt_pipeline_2\vk_mini_path_tracer_e11_rt_pipeline_2.dir\debug\vk_mini_.113d4e32.tlog\link.command.1.tlog
e:\vulkan\pathtracinglearn\vk_mini_path_tracer\cmake_build\checkpoints\e11_rt_pipeline_2\vk_mini_path_tracer_e11_rt_pipeline_2.dir\debug\vk_mini_.113d4e32.tlog\link.read.1.tlog
e:\vulkan\pathtracinglearn\vk_mini_path_tracer\cmake_build\checkpoints\e11_rt_pipeline_2\vk_mini_path_tracer_e11_rt_pipeline_2.dir\debug\vk_mini_.113d4e32.tlog\link.write.1.tlog
e:\vulkan\pathtracinglearn\vk_mini_path_tracer\cmake_build\checkpoints\e11_rt_pipeline_2\vk_mini_path_tracer_e11_rt_pipeline_2.dir\debug\vk_mini_.113d4e32.tlog\rc.command.1.tlog
e:\vulkan\pathtracinglearn\vk_mini_path_tracer\cmake_build\checkpoints\e11_rt_pipeline_2\vk_mini_path_tracer_e11_rt_pipeline_2.dir\debug\vk_mini_.113d4e32.tlog\rc.read.1.tlog
e:\vulkan\pathtracinglearn\vk_mini_path_tracer\cmake_build\checkpoints\e11_rt_pipeline_2\vk_mini_path_tracer_e11_rt_pipeline_2.dir\debug\vk_mini_.113d4e32.tlog\rc.write.1.tlog
