e:\vulkan\pathtracinglearn\vk_mini_path_tracer\cmake_build\checkpoints\e8_debug_names\vk_mini_path_tracer_e8_debug_names.dir\debug\vc142.pdb
e:\vulkan\pathtracinglearn\vk_mini_path_tracer\cmake_build\checkpoints\e8_debug_names\vk_mini_path_tracer_e8_debug_names.dir\debug\main.obj
e:\vulkan\pathtracinglearn\vk_mini_path_tracer\cmake_build\checkpoints\e8_debug_names\vk_mini_path_tracer_e8_debug_names.dir\debug\nsight_aftermath_vk.obj
e:\vulkan\pathtracinglearn\vk_mini_path_tracer\cmake_build\checkpoints\e8_debug_names\vk_mini_path_tracer_e8_debug_names.dir\debug\perproject_globals.obj
e:\vulkan\pathtracinglearn\vk_mini_path_tracer\checkpoints\e8_debug_names\shaders\raytrace.comp.glsl.spv
e:\vulkan\pathtracinglearn\vk_mini_path_tracer\cmake_build\checkpoints\e8_debug_names\cmakefiles\generate.stamp
e:\vulkan\pathtracinglearn\bin_x64\debug\vk_mini_path_tracer_e8_debug_names.exe
e:\vulkan\pathtracinglearn\vk_mini_path_tracer\cmake_build\checkpoints\e8_debug_names\vk_mini_path_tracer_e8_debug_names.dir\debug\vk_mini_path_tracer_e8_debug_names.ilk
e:\vulkan\pathtracinglearn\bin_x64\debug\vk_mini_path_tracer_e8_debug_names.pdb
e:\vulkan\pathtracinglearn\vk_mini_path_tracer\cmake_build\checkpoints\e8_debug_names\vk_mini_path_tracer_e8_debug_names.dir\debug\resources.res
e:\vulkan\pathtracinglearn\vk_mini_path_tracer\cmake_build\checkpoints\e8_debug_names\vk_mini_path_tracer_e8_debug_names.dir\debug\vk_mini_.cf1390ff.tlog\cl.command.1.tlog
e:\vulkan\pathtracinglearn\vk_mini_path_tracer\cmake_build\checkpoints\e8_debug_names\vk_mini_path_tracer_e8_debug_names.dir\debug\vk_mini_.cf1390ff.tlog\cl.read.1.tlog
e:\vulkan\pathtracinglearn\vk_mini_path_tracer\cmake_build\checkpoints\e8_debug_names\vk_mini_path_tracer_e8_debug_names.dir\debug\vk_mini_.cf1390ff.tlog\cl.write.1.tlog
e:\vulkan\pathtracinglearn\vk_mini_path_tracer\cmake_build\checkpoints\e8_debug_names\vk_mini_path_tracer_e8_debug_names.dir\debug\vk_mini_.cf1390ff.tlog\custombuild.command.1.tlog
e:\vulkan\pathtracinglearn\vk_mini_path_tracer\cmake_build\checkpoints\e8_debug_names\vk_mini_path_tracer_e8_debug_names.dir\debug\vk_mini_.cf1390ff.tlog\custombuild.read.1.tlog
e:\vulkan\pathtracinglearn\vk_mini_path_tracer\cmake_build\checkpoints\e8_debug_names\vk_mini_path_tracer_e8_debug_names.dir\debug\vk_mini_.cf1390ff.tlog\custombuild.write.1.tlog
e:\vulkan\pathtracinglearn\vk_mini_path_tracer\cmake_build\checkpoints\e8_debug_names\vk_mini_path_tracer_e8_debug_names.dir\debug\vk_mini_.cf1390ff.tlog\link.command.1.tlog
e:\vulkan\pathtracinglearn\vk_mini_path_tracer\cmake_build\checkpoints\e8_debug_names\vk_mini_path_tracer_e8_debug_names.dir\debug\vk_mini_.cf1390ff.tlog\link.read.1.tlog
e:\vulkan\pathtracinglearn\vk_mini_path_tracer\cmake_build\checkpoints\e8_debug_names\vk_mini_path_tracer_e8_debug_names.dir\debug\vk_mini_.cf1390ff.tlog\link.write.1.tlog
e:\vulkan\pathtracinglearn\vk_mini_path_tracer\cmake_build\checkpoints\e8_debug_names\vk_mini_path_tracer_e8_debug_names.dir\debug\vk_mini_.cf1390ff.tlog\rc.command.1.tlog
e:\vulkan\pathtracinglearn\vk_mini_path_tracer\cmake_build\checkpoints\e8_debug_names\vk_mini_path_tracer_e8_debug_names.dir\debug\vk_mini_.cf1390ff.tlog\rc.read.1.tlog
e:\vulkan\pathtracinglearn\vk_mini_path_tracer\cmake_build\checkpoints\e8_debug_names\vk_mini_path_tracer_e8_debug_names.dir\debug\vk_mini_.cf1390ff.tlog\rc.write.1.tlog
