e:\vulkan\pathtracinglearn\vk_mini_path_tracer\cmake_build\checkpoints\2_extensions\vk_mini_path_tracer_2_extensions.dir\debug\vc142.pdb
e:\vulkan\pathtracinglearn\vk_mini_path_tracer\cmake_build\checkpoints\2_extensions\vk_mini_path_tracer_2_extensions.dir\debug\main.obj
e:\vulkan\pathtracinglearn\vk_mini_path_tracer\cmake_build\checkpoints\2_extensions\vk_mini_path_tracer_2_extensions.dir\debug\perproject_globals.obj
e:\vulkan\pathtracinglearn\vk_mini_path_tracer\cmake_build\checkpoints\2_extensions\vk_mini_path_tracer_2_extensions.dir\debug\nsight_aftermath_vk.obj
e:\vulkan\pathtracinglearn\vk_mini_path_tracer\cmake_build\checkpoints\2_extensions\cmakefiles\generate.stamp
e:\vulkan\pathtracinglearn\bin_x64\debug\vk_mini_path_tracer_2_extensions.exe
e:\vulkan\pathtracinglearn\vk_mini_path_tracer\cmake_build\checkpoints\2_extensions\vk_mini_path_tracer_2_extensions.dir\debug\vk_mini_path_tracer_2_extensions.ilk
e:\vulkan\pathtracinglearn\bin_x64\debug\vk_mini_path_tracer_2_extensions.pdb
e:\vulkan\pathtracinglearn\vk_mini_path_tracer\cmake_build\checkpoints\2_extensions\vk_mini_path_tracer_2_extensions.dir\debug\resources.res
e:\vulkan\pathtracinglearn\vk_mini_path_tracer\cmake_build\checkpoints\2_extensions\vk_mini_path_tracer_2_extensions.dir\debug\vk_mini_.314f4caa.tlog\cl.command.1.tlog
e:\vulkan\pathtracinglearn\vk_mini_path_tracer\cmake_build\checkpoints\2_extensions\vk_mini_path_tracer_2_extensions.dir\debug\vk_mini_.314f4caa.tlog\cl.read.1.tlog
e:\vulkan\pathtracinglearn\vk_mini_path_tracer\cmake_build\checkpoints\2_extensions\vk_mini_path_tracer_2_extensions.dir\debug\vk_mini_.314f4caa.tlog\cl.write.1.tlog
e:\vulkan\pathtracinglearn\vk_mini_path_tracer\cmake_build\checkpoints\2_extensions\vk_mini_path_tracer_2_extensions.dir\debug\vk_mini_.314f4caa.tlog\custombuild.command.1.tlog
e:\vulkan\pathtracinglearn\vk_mini_path_tracer\cmake_build\checkpoints\2_extensions\vk_mini_path_tracer_2_extensions.dir\debug\vk_mini_.314f4caa.tlog\custombuild.read.1.tlog
e:\vulkan\pathtracinglearn\vk_mini_path_tracer\cmake_build\checkpoints\2_extensions\vk_mini_path_tracer_2_extensions.dir\debug\vk_mini_.314f4caa.tlog\custombuild.write.1.tlog
e:\vulkan\pathtracinglearn\vk_mini_path_tracer\cmake_build\checkpoints\2_extensions\vk_mini_path_tracer_2_extensions.dir\debug\vk_mini_.314f4caa.tlog\link.command.1.tlog
e:\vulkan\pathtracinglearn\vk_mini_path_tracer\cmake_build\checkpoints\2_extensions\vk_mini_path_tracer_2_extensions.dir\debug\vk_mini_.314f4caa.tlog\link.read.1.tlog
e:\vulkan\pathtracinglearn\vk_mini_path_tracer\cmake_build\checkpoints\2_extensions\vk_mini_path_tracer_2_extensions.dir\debug\vk_mini_.314f4caa.tlog\link.write.1.tlog
e:\vulkan\pathtracinglearn\vk_mini_path_tracer\cmake_build\checkpoints\2_extensions\vk_mini_path_tracer_2_extensions.dir\debug\vk_mini_.314f4caa.tlog\rc.command.1.tlog
e:\vulkan\pathtracinglearn\vk_mini_path_tracer\cmake_build\checkpoints\2_extensions\vk_mini_path_tracer_2_extensions.dir\debug\vk_mini_.314f4caa.tlog\rc.read.1.tlog
e:\vulkan\pathtracinglearn\vk_mini_path_tracer\cmake_build\checkpoints\2_extensions\vk_mini_path_tracer_2_extensions.dir\debug\vk_mini_.314f4caa.tlog\rc.write.1.tlog
