e:\vulkan\pathtracinglearn\vk_mini_path_tracer\cmake_build\checkpoints\6_compute_shader\vk_mini_path_tracer_6_compute_shader.dir\debug\vc142.pdb
e:\vulkan\pathtracinglearn\vk_mini_path_tracer\cmake_build\checkpoints\6_compute_shader\vk_mini_path_tracer_6_compute_shader.dir\debug\main.obj
e:\vulkan\pathtracinglearn\vk_mini_path_tracer\cmake_build\checkpoints\6_compute_shader\vk_mini_path_tracer_6_compute_shader.dir\debug\perproject_globals.obj
e:\vulkan\pathtracinglearn\vk_mini_path_tracer\cmake_build\checkpoints\6_compute_shader\vk_mini_path_tracer_6_compute_shader.dir\debug\nsight_aftermath_vk.obj
e:\vulkan\pathtracinglearn\vk_mini_path_tracer\checkpoints\6_compute_shader\shaders\raytrace.comp.glsl.spv
e:\vulkan\pathtracinglearn\vk_mini_path_tracer\cmake_build\checkpoints\6_compute_shader\cmakefiles\generate.stamp
e:\vulkan\pathtracinglearn\bin_x64\debug\vk_mini_path_tracer_6_compute_shader.exe
e:\vulkan\pathtracinglearn\vk_mini_path_tracer\cmake_build\checkpoints\6_compute_shader\vk_mini_path_tracer_6_compute_shader.dir\debug\vk_mini_path_tracer_6_compute_shader.ilk
e:\vulkan\pathtracinglearn\bin_x64\debug\vk_mini_path_tracer_6_compute_shader.pdb
e:\vulkan\pathtracinglearn\vk_mini_path_tracer\cmake_build\checkpoints\6_compute_shader\vk_mini_path_tracer_6_compute_shader.dir\debug\resources.res
e:\vulkan\pathtracinglearn\vk_mini_path_tracer\cmake_build\checkpoints\6_compute_shader\vk_mini_path_tracer_6_compute_shader.dir\debug\vk_mini_.d3d974ad.tlog\cl.command.1.tlog
e:\vulkan\pathtracinglearn\vk_mini_path_tracer\cmake_build\checkpoints\6_compute_shader\vk_mini_path_tracer_6_compute_shader.dir\debug\vk_mini_.d3d974ad.tlog\cl.read.1.tlog
e:\vulkan\pathtracinglearn\vk_mini_path_tracer\cmake_build\checkpoints\6_compute_shader\vk_mini_path_tracer_6_compute_shader.dir\debug\vk_mini_.d3d974ad.tlog\cl.write.1.tlog
e:\vulkan\pathtracinglearn\vk_mini_path_tracer\cmake_build\checkpoints\6_compute_shader\vk_mini_path_tracer_6_compute_shader.dir\debug\vk_mini_.d3d974ad.tlog\custombuild.command.1.tlog
e:\vulkan\pathtracinglearn\vk_mini_path_tracer\cmake_build\checkpoints\6_compute_shader\vk_mini_path_tracer_6_compute_shader.dir\debug\vk_mini_.d3d974ad.tlog\custombuild.read.1.tlog
e:\vulkan\pathtracinglearn\vk_mini_path_tracer\cmake_build\checkpoints\6_compute_shader\vk_mini_path_tracer_6_compute_shader.dir\debug\vk_mini_.d3d974ad.tlog\custombuild.write.1.tlog
e:\vulkan\pathtracinglearn\vk_mini_path_tracer\cmake_build\checkpoints\6_compute_shader\vk_mini_path_tracer_6_compute_shader.dir\debug\vk_mini_.d3d974ad.tlog\link.command.1.tlog
e:\vulkan\pathtracinglearn\vk_mini_path_tracer\cmake_build\checkpoints\6_compute_shader\vk_mini_path_tracer_6_compute_shader.dir\debug\vk_mini_.d3d974ad.tlog\link.read.1.tlog
e:\vulkan\pathtracinglearn\vk_mini_path_tracer\cmake_build\checkpoints\6_compute_shader\vk_mini_path_tracer_6_compute_shader.dir\debug\vk_mini_.d3d974ad.tlog\link.write.1.tlog
e:\vulkan\pathtracinglearn\vk_mini_path_tracer\cmake_build\checkpoints\6_compute_shader\vk_mini_path_tracer_6_compute_shader.dir\debug\vk_mini_.d3d974ad.tlog\rc.command.1.tlog
e:\vulkan\pathtracinglearn\vk_mini_path_tracer\cmake_build\checkpoints\6_compute_shader\vk_mini_path_tracer_6_compute_shader.dir\debug\vk_mini_.d3d974ad.tlog\rc.read.1.tlog
e:\vulkan\pathtracinglearn\vk_mini_path_tracer\cmake_build\checkpoints\6_compute_shader\vk_mini_path_tracer_6_compute_shader.dir\debug\vk_mini_.d3d974ad.tlog\rc.write.1.tlog
