e:\vulkan\pathtracinglearn\vk_mini_path_tracer\cmake_build\checkpoints\e5_push_constants\vk_mini_path_tracer_e5_push_constants.dir\debug\vc142.pdb
e:\vulkan\pathtracinglearn\vk_mini_path_tracer\cmake_build\checkpoints\e5_push_constants\vk_mini_path_tracer_e5_push_constants.dir\debug\main.obj
e:\vulkan\pathtracinglearn\vk_mini_path_tracer\cmake_build\checkpoints\e5_push_constants\vk_mini_path_tracer_e5_push_constants.dir\debug\nsight_aftermath_vk.obj
e:\vulkan\pathtracinglearn\vk_mini_path_tracer\cmake_build\checkpoints\e5_push_constants\vk_mini_path_tracer_e5_push_constants.dir\debug\perproject_globals.obj
e:\vulkan\pathtracinglearn\vk_mini_path_tracer\checkpoints\e5_push_constants\shaders\raytrace.comp.glsl.spv
e:\vulkan\pathtracinglearn\vk_mini_path_tracer\cmake_build\checkpoints\e5_push_constants\cmakefiles\generate.stamp
e:\vulkan\pathtracinglearn\bin_x64\debug\vk_mini_path_tracer_e5_push_constants.exe
e:\vulkan\pathtracinglearn\vk_mini_path_tracer\cmake_build\checkpoints\e5_push_constants\vk_mini_path_tracer_e5_push_constants.dir\debug\vk_mini_path_tracer_e5_push_constants.ilk
e:\vulkan\pathtracinglearn\bin_x64\debug\vk_mini_path_tracer_e5_push_constants.pdb
e:\vulkan\pathtracinglearn\vk_mini_path_tracer\cmake_build\checkpoints\e5_push_constants\vk_mini_path_tracer_e5_push_constants.dir\debug\resources.res
e:\vulkan\pathtracinglearn\vk_mini_path_tracer\cmake_build\checkpoints\e5_push_constants\vk_mini_path_tracer_e5_push_constants.dir\debug\vk_mini_.ed237ab1.tlog\cl.command.1.tlog
e:\vulkan\pathtracinglearn\vk_mini_path_tracer\cmake_build\checkpoints\e5_push_constants\vk_mini_path_tracer_e5_push_constants.dir\debug\vk_mini_.ed237ab1.tlog\cl.read.1.tlog
e:\vulkan\pathtracinglearn\vk_mini_path_tracer\cmake_build\checkpoints\e5_push_constants\vk_mini_path_tracer_e5_push_constants.dir\debug\vk_mini_.ed237ab1.tlog\cl.write.1.tlog
e:\vulkan\pathtracinglearn\vk_mini_path_tracer\cmake_build\checkpoints\e5_push_constants\vk_mini_path_tracer_e5_push_constants.dir\debug\vk_mini_.ed237ab1.tlog\custombuild.command.1.tlog
e:\vulkan\pathtracinglearn\vk_mini_path_tracer\cmake_build\checkpoints\e5_push_constants\vk_mini_path_tracer_e5_push_constants.dir\debug\vk_mini_.ed237ab1.tlog\custombuild.read.1.tlog
e:\vulkan\pathtracinglearn\vk_mini_path_tracer\cmake_build\checkpoints\e5_push_constants\vk_mini_path_tracer_e5_push_constants.dir\debug\vk_mini_.ed237ab1.tlog\custombuild.write.1.tlog
e:\vulkan\pathtracinglearn\vk_mini_path_tracer\cmake_build\checkpoints\e5_push_constants\vk_mini_path_tracer_e5_push_constants.dir\debug\vk_mini_.ed237ab1.tlog\link.command.1.tlog
e:\vulkan\pathtracinglearn\vk_mini_path_tracer\cmake_build\checkpoints\e5_push_constants\vk_mini_path_tracer_e5_push_constants.dir\debug\vk_mini_.ed237ab1.tlog\link.read.1.tlog
e:\vulkan\pathtracinglearn\vk_mini_path_tracer\cmake_build\checkpoints\e5_push_constants\vk_mini_path_tracer_e5_push_constants.dir\debug\vk_mini_.ed237ab1.tlog\link.write.1.tlog
e:\vulkan\pathtracinglearn\vk_mini_path_tracer\cmake_build\checkpoints\e5_push_constants\vk_mini_path_tracer_e5_push_constants.dir\debug\vk_mini_.ed237ab1.tlog\rc.command.1.tlog
e:\vulkan\pathtracinglearn\vk_mini_path_tracer\cmake_build\checkpoints\e5_push_constants\vk_mini_path_tracer_e5_push_constants.dir\debug\vk_mini_.ed237ab1.tlog\rc.read.1.tlog
e:\vulkan\pathtracinglearn\vk_mini_path_tracer\cmake_build\checkpoints\e5_push_constants\vk_mini_path_tracer_e5_push_constants.dir\debug\vk_mini_.ed237ab1.tlog\rc.write.1.tlog
