e:\vulkan\pathtracinglearn\vk_mini_path_tracer\cmake_build\checkpoints\1_hello_vulkan\vk_mini_path_tracer_1_hello_vulkan.dir\debug\vc142.pdb
e:\vulkan\pathtracinglearn\vk_mini_path_tracer\cmake_build\checkpoints\1_hello_vulkan\vk_mini_path_tracer_1_hello_vulkan.dir\debug\main.obj
e:\vulkan\pathtracinglearn\vk_mini_path_tracer\cmake_build\checkpoints\1_hello_vulkan\vk_mini_path_tracer_1_hello_vulkan.dir\debug\nsight_aftermath_vk.obj
e:\vulkan\pathtracinglearn\vk_mini_path_tracer\cmake_build\checkpoints\1_hello_vulkan\vk_mini_path_tracer_1_hello_vulkan.dir\debug\perproject_globals.obj
e:\vulkan\pathtracinglearn\vk_mini_path_tracer\cmake_build\checkpoints\1_hello_vulkan\cmakefiles\generate.stamp
e:\vulkan\pathtracinglearn\bin_x64\debug\vk_mini_path_tracer_1_hello_vulkan.exe
e:\vulkan\pathtracinglearn\vk_mini_path_tracer\cmake_build\checkpoints\1_hello_vulkan\vk_mini_path_tracer_1_hello_vulkan.dir\debug\vk_mini_path_tracer_1_hello_vulkan.ilk
e:\vulkan\pathtracinglearn\bin_x64\debug\vk_mini_path_tracer_1_hello_vulkan.pdb
e:\vulkan\pathtracinglearn\vk_mini_path_tracer\cmake_build\checkpoints\1_hello_vulkan\vk_mini_path_tracer_1_hello_vulkan.dir\debug\resources.res
e:\vulkan\pathtracinglearn\vk_mini_path_tracer\cmake_build\checkpoints\1_hello_vulkan\vk_mini_path_tracer_1_hello_vulkan.dir\debug\vk_mini_.4091bd11.tlog\cl.command.1.tlog
e:\vulkan\pathtracinglearn\vk_mini_path_tracer\cmake_build\checkpoints\1_hello_vulkan\vk_mini_path_tracer_1_hello_vulkan.dir\debug\vk_mini_.4091bd11.tlog\cl.read.1.tlog
e:\vulkan\pathtracinglearn\vk_mini_path_tracer\cmake_build\checkpoints\1_hello_vulkan\vk_mini_path_tracer_1_hello_vulkan.dir\debug\vk_mini_.4091bd11.tlog\cl.write.1.tlog
e:\vulkan\pathtracinglearn\vk_mini_path_tracer\cmake_build\checkpoints\1_hello_vulkan\vk_mini_path_tracer_1_hello_vulkan.dir\debug\vk_mini_.4091bd11.tlog\custombuild.command.1.tlog
e:\vulkan\pathtracinglearn\vk_mini_path_tracer\cmake_build\checkpoints\1_hello_vulkan\vk_mini_path_tracer_1_hello_vulkan.dir\debug\vk_mini_.4091bd11.tlog\custombuild.read.1.tlog
e:\vulkan\pathtracinglearn\vk_mini_path_tracer\cmake_build\checkpoints\1_hello_vulkan\vk_mini_path_tracer_1_hello_vulkan.dir\debug\vk_mini_.4091bd11.tlog\custombuild.write.1.tlog
e:\vulkan\pathtracinglearn\vk_mini_path_tracer\cmake_build\checkpoints\1_hello_vulkan\vk_mini_path_tracer_1_hello_vulkan.dir\debug\vk_mini_.4091bd11.tlog\link.command.1.tlog
e:\vulkan\pathtracinglearn\vk_mini_path_tracer\cmake_build\checkpoints\1_hello_vulkan\vk_mini_path_tracer_1_hello_vulkan.dir\debug\vk_mini_.4091bd11.tlog\link.read.1.tlog
e:\vulkan\pathtracinglearn\vk_mini_path_tracer\cmake_build\checkpoints\1_hello_vulkan\vk_mini_path_tracer_1_hello_vulkan.dir\debug\vk_mini_.4091bd11.tlog\link.write.1.tlog
e:\vulkan\pathtracinglearn\vk_mini_path_tracer\cmake_build\checkpoints\1_hello_vulkan\vk_mini_path_tracer_1_hello_vulkan.dir\debug\vk_mini_.4091bd11.tlog\rc.command.1.tlog
e:\vulkan\pathtracinglearn\vk_mini_path_tracer\cmake_build\checkpoints\1_hello_vulkan\vk_mini_path_tracer_1_hello_vulkan.dir\debug\vk_mini_.4091bd11.tlog\rc.read.1.tlog
e:\vulkan\pathtracinglearn\vk_mini_path_tracer\cmake_build\checkpoints\1_hello_vulkan\vk_mini_path_tracer_1_hello_vulkan.dir\debug\vk_mini_.4091bd11.tlog\rc.write.1.tlog
