e:\vulkan\pathtracinglearn\vk_mini_path_tracer\cmake_build\nvpro_core\nvpro_core.dir\debug\cmake_pch.pch
e:\vulkan\pathtracinglearn\bin_x64\debug\nvpro_core_vk.pdb
e:\vulkan\pathtracinglearn\vk_mini_path_tracer\cmake_build\nvpro_core\nvpro_core.dir\debug\cmake_pch.obj
e:\vulkan\pathtracinglearn\vk_mini_path_tracer\cmake_build\nvpro_core\nvpro_core.dir\debug\appbase_vk.obj
e:\vulkan\pathtracinglearn\vk_mini_path_tracer\cmake_build\nvpro_core\nvpro_core.dir\debug\sbtwrapper_vk.obj
e:\vulkan\pathtracinglearn\vk_mini_path_tracer\cmake_build\nvpro_core\nvpro_core.dir\debug\filemapping.obj
e:\vulkan\pathtracinglearn\vk_mini_path_tracer\cmake_build\nvpro_core\nvpro_core.dir\debug\buffersuballocator_vk.obj
e:\vulkan\pathtracinglearn\vk_mini_path_tracer\cmake_build\nvpro_core\nvpro_core.dir\debug\memallocator_vk.obj
e:\vulkan\pathtracinglearn\vk_mini_path_tracer\cmake_build\nvpro_core\nvpro_core.dir\debug\renderpasses_vk.obj
e:\vulkan\pathtracinglearn\vk_mini_path_tracer\cmake_build\nvpro_core\nvpro_core.dir\debug\bitarray.obj
e:\vulkan\pathtracinglearn\vk_mini_path_tracer\cmake_build\nvpro_core\nvpro_core.dir\debug\appbase_vkpp.obj
e:\vulkan\pathtracinglearn\vk_mini_path_tracer\cmake_build\nvpro_core\nvpro_core.dir\debug\nv_dds.obj
e:\vulkan\pathtracinglearn\vk_mini_path_tracer\cmake_build\nvpro_core\nvpro_core.dir\debug\pipeline_vk.obj
e:\vulkan\pathtracinglearn\vk_mini_path_tracer\cmake_build\nvpro_core\nvpro_core.dir\debug\tiny_converter.obj
e:\vulkan\pathtracinglearn\vk_mini_path_tracer\cmake_build\nvpro_core\nvpro_core.dir\debug\resourceallocator_vk.obj
e:\vulkan\pathtracinglearn\vk_mini_path_tracer\cmake_build\nvpro_core\nvpro_core.dir\debug\parametertools.obj
e:\vulkan\pathtracinglearn\vk_mini_path_tracer\cmake_build\nvpro_core\nvpro_core.dir\debug\debug_util_vk.obj
e:\vulkan\pathtracinglearn\vk_mini_path_tracer\cmake_build\nvpro_core\nvpro_core.dir\debug\extensions_vk.obj
e:\vulkan\pathtracinglearn\vk_mini_path_tracer\cmake_build\nvpro_core\nvpro_core.dir\debug\stagingmemorymanager_vk.obj
e:\vulkan\pathtracinglearn\vk_mini_path_tracer\cmake_build\nvpro_core\nvpro_core.dir\debug\nvpsystem.obj
e:\vulkan\pathtracinglearn\vk_mini_path_tracer\cmake_build\nvpro_core\nvpro_core.dir\debug\appwindowprofiler_vk.obj
e:\vulkan\pathtracinglearn\vk_mini_path_tracer\cmake_build\nvpro_core\nvpro_core.dir\debug\swapchain_vk.obj
e:\vulkan\pathtracinglearn\vk_mini_path_tracer\cmake_build\nvpro_core\nvpro_core.dir\debug\shaderfilemanager.obj
e:\vulkan\pathtracinglearn\vk_mini_path_tracer\cmake_build\nvpro_core\nvpro_core.dir\debug\dynamicrendering_vk.obj
e:\vulkan\pathtracinglearn\vk_mini_path_tracer\cmake_build\nvpro_core\nvpro_core.dir\debug\memallocator_dedicated_vk.obj
e:\vulkan\pathtracinglearn\vk_mini_path_tracer\cmake_build\nvpro_core\nvpro_core.dir\debug\samplers_vk.obj
e:\vulkan\pathtracinglearn\vk_mini_path_tracer\cmake_build\nvpro_core\nvpro_core.dir\debug\nvpfilesystem.obj
e:\vulkan\pathtracinglearn\vk_mini_path_tracer\cmake_build\nvpro_core\nvpro_core.dir\debug\nvpwindow.obj
e:\vulkan\pathtracinglearn\vk_mini_path_tracer\cmake_build\nvpro_core\nvpro_core.dir\debug\commands_vk.obj
e:\vulkan\pathtracinglearn\vk_mini_path_tracer\cmake_build\nvpro_core\nvpro_core.dir\debug\error_vk.obj
e:\vulkan\pathtracinglearn\vk_mini_path_tracer\cmake_build\nvpro_core\nvpro_core.dir\debug\images_vk.obj
e:\vulkan\pathtracinglearn\vk_mini_path_tracer\cmake_build\nvpro_core\nvpro_core.dir\debug\raytracenv_vk.obj
e:\vulkan\pathtracinglearn\vk_mini_path_tracer\cmake_build\nvpro_core\nvpro_core.dir\debug\nvpsystem_win32.obj
e:\vulkan\pathtracinglearn\vk_mini_path_tracer\cmake_build\nvpro_core\nvpro_core.dir\debug\gizmos_vk.obj
e:\vulkan\pathtracinglearn\vk_mini_path_tracer\cmake_build\nvpro_core\nvpro_core.dir\debug\shadermodulemanager_vk.obj
e:\vulkan\pathtracinglearn\vk_mini_path_tracer\cmake_build\nvpro_core\nvpro_core.dir\debug\nvprint.obj
e:\vulkan\pathtracinglearn\vk_mini_path_tracer\cmake_build\nvpro_core\nvpro_core.dir\debug\memorymanagement_vk.obj
e:\vulkan\pathtracinglearn\vk_mini_path_tracer\cmake_build\nvpro_core\nvpro_core.dir\debug\profiler.obj
e:\vulkan\pathtracinglearn\vk_mini_path_tracer\cmake_build\nvpro_core\nvpro_core.dir\debug\context_vk.obj
e:\vulkan\pathtracinglearn\vk_mini_path_tracer\cmake_build\nvpro_core\nvpro_core.dir\debug\appwindowprofiler.obj
e:\vulkan\pathtracinglearn\vk_mini_path_tracer\cmake_build\nvpro_core\nvpro_core.dir\debug\raytracekhr_vk.obj
e:\vulkan\pathtracinglearn\vk_mini_path_tracer\cmake_build\nvpro_core\nvpro_core.dir\debug\cameramanipulator.obj
e:\vulkan\pathtracinglearn\vk_mini_path_tracer\cmake_build\nvpro_core\nvpro_core.dir\debug\descriptorsets_vk.obj
e:\vulkan\pathtracinglearn\vk_mini_path_tracer\cmake_build\nvpro_core\nvpro_core.dir\debug\memorymanagement_vkgl.obj
e:\vulkan\pathtracinglearn\vk_mini_path_tracer\cmake_build\nvpro_core\nvpro_core.dir\debug\profiler_vk.obj
e:\vulkan\pathtracinglearn\vk_mini_path_tracer\cmake_build\nvpro_core\nvpro_core.dir\debug\gltfscene.obj
e:\vulkan\pathtracinglearn\vk_mini_path_tracer\cmake_build\nvpro_core\cmakefiles\generate.stamp
e:\vulkan\pathtracinglearn\bin_x64\debug\nvpro_core_vk.lib
e:\vulkan\pathtracinglearn\vk_mini_path_tracer\cmake_build\nvpro_core\nvpro_core.dir\debug\nvpro_core.tlog\cl.command.1.tlog
e:\vulkan\pathtracinglearn\vk_mini_path_tracer\cmake_build\nvpro_core\nvpro_core.dir\debug\nvpro_core.tlog\cl.read.1.tlog
e:\vulkan\pathtracinglearn\vk_mini_path_tracer\cmake_build\nvpro_core\nvpro_core.dir\debug\nvpro_core.tlog\cl.write.1.tlog
e:\vulkan\pathtracinglearn\vk_mini_path_tracer\cmake_build\nvpro_core\nvpro_core.dir\debug\nvpro_core.tlog\custombuild.command.1.tlog
e:\vulkan\pathtracinglearn\vk_mini_path_tracer\cmake_build\nvpro_core\nvpro_core.dir\debug\nvpro_core.tlog\custombuild.read.1.tlog
e:\vulkan\pathtracinglearn\vk_mini_path_tracer\cmake_build\nvpro_core\nvpro_core.dir\debug\nvpro_core.tlog\custombuild.write.1.tlog
e:\vulkan\pathtracinglearn\vk_mini_path_tracer\cmake_build\nvpro_core\nvpro_core.dir\debug\nvpro_core.tlog\lib-link.read.1.tlog
e:\vulkan\pathtracinglearn\vk_mini_path_tracer\cmake_build\nvpro_core\nvpro_core.dir\debug\nvpro_core.tlog\lib-link.write.1.tlog
e:\vulkan\pathtracinglearn\vk_mini_path_tracer\cmake_build\nvpro_core\nvpro_core.dir\debug\nvpro_core.tlog\lib.command.1.tlog
