e:\vulkan\pathtracinglearn\vk_mini_path_tracer\cmake_build\checkpoints\4_commands\vk_mini_path_tracer_4_commands.dir\debug\vc142.pdb
e:\vulkan\pathtracinglearn\vk_mini_path_tracer\cmake_build\checkpoints\4_commands\vk_mini_path_tracer_4_commands.dir\debug\main.obj
e:\vulkan\pathtracinglearn\vk_mini_path_tracer\cmake_build\checkpoints\4_commands\vk_mini_path_tracer_4_commands.dir\debug\nsight_aftermath_vk.obj
e:\vulkan\pathtracinglearn\vk_mini_path_tracer\cmake_build\checkpoints\4_commands\vk_mini_path_tracer_4_commands.dir\debug\perproject_globals.obj
e:\vulkan\pathtracinglearn\vk_mini_path_tracer\cmake_build\checkpoints\4_commands\cmakefiles\generate.stamp
e:\vulkan\pathtracinglearn\bin_x64\debug\vk_mini_path_tracer_4_commands.exe
e:\vulkan\pathtracinglearn\vk_mini_path_tracer\cmake_build\checkpoints\4_commands\vk_mini_path_tracer_4_commands.dir\debug\vk_mini_path_tracer_4_commands.ilk
e:\vulkan\pathtracinglearn\bin_x64\debug\vk_mini_path_tracer_4_commands.pdb
e:\vulkan\pathtracinglearn\vk_mini_path_tracer\cmake_build\checkpoints\4_commands\vk_mini_path_tracer_4_commands.dir\debug\resources.res
e:\vulkan\pathtracinglearn\vk_mini_path_tracer\cmake_build\checkpoints\4_commands\vk_mini_path_tracer_4_commands.dir\debug\vk_mini_.f88eecb1.tlog\cl.command.1.tlog
e:\vulkan\pathtracinglearn\vk_mini_path_tracer\cmake_build\checkpoints\4_commands\vk_mini_path_tracer_4_commands.dir\debug\vk_mini_.f88eecb1.tlog\cl.read.1.tlog
e:\vulkan\pathtracinglearn\vk_mini_path_tracer\cmake_build\checkpoints\4_commands\vk_mini_path_tracer_4_commands.dir\debug\vk_mini_.f88eecb1.tlog\cl.write.1.tlog
e:\vulkan\pathtracinglearn\vk_mini_path_tracer\cmake_build\checkpoints\4_commands\vk_mini_path_tracer_4_commands.dir\debug\vk_mini_.f88eecb1.tlog\custombuild.command.1.tlog
e:\vulkan\pathtracinglearn\vk_mini_path_tracer\cmake_build\checkpoints\4_commands\vk_mini_path_tracer_4_commands.dir\debug\vk_mini_.f88eecb1.tlog\custombuild.read.1.tlog
e:\vulkan\pathtracinglearn\vk_mini_path_tracer\cmake_build\checkpoints\4_commands\vk_mini_path_tracer_4_commands.dir\debug\vk_mini_.f88eecb1.tlog\custombuild.write.1.tlog
e:\vulkan\pathtracinglearn\vk_mini_path_tracer\cmake_build\checkpoints\4_commands\vk_mini_path_tracer_4_commands.dir\debug\vk_mini_.f88eecb1.tlog\link.command.1.tlog
e:\vulkan\pathtracinglearn\vk_mini_path_tracer\cmake_build\checkpoints\4_commands\vk_mini_path_tracer_4_commands.dir\debug\vk_mini_.f88eecb1.tlog\link.read.1.tlog
e:\vulkan\pathtracinglearn\vk_mini_path_tracer\cmake_build\checkpoints\4_commands\vk_mini_path_tracer_4_commands.dir\debug\vk_mini_.f88eecb1.tlog\link.write.1.tlog
e:\vulkan\pathtracinglearn\vk_mini_path_tracer\cmake_build\checkpoints\4_commands\vk_mini_path_tracer_4_commands.dir\debug\vk_mini_.f88eecb1.tlog\rc.command.1.tlog
e:\vulkan\pathtracinglearn\vk_mini_path_tracer\cmake_build\checkpoints\4_commands\vk_mini_path_tracer_4_commands.dir\debug\vk_mini_.f88eecb1.tlog\rc.read.1.tlog
e:\vulkan\pathtracinglearn\vk_mini_path_tracer\cmake_build\checkpoints\4_commands\vk_mini_path_tracer_4_commands.dir\debug\vk_mini_.f88eecb1.tlog\rc.write.1.tlog
