e:\vulkan\pathtracinglearn\vk_mini_path_tracer\cmake_build\checkpoints\e9_instances\vk_mini_path_tracer_e9_instances.dir\debug\vc142.pdb
e:\vulkan\pathtracinglearn\vk_mini_path_tracer\cmake_build\checkpoints\e9_instances\vk_mini_path_tracer_e9_instances.dir\debug\main.obj
e:\vulkan\pathtracinglearn\vk_mini_path_tracer\cmake_build\checkpoints\e9_instances\vk_mini_path_tracer_e9_instances.dir\debug\nsight_aftermath_vk.obj
e:\vulkan\pathtracinglearn\vk_mini_path_tracer\cmake_build\checkpoints\e9_instances\vk_mini_path_tracer_e9_instances.dir\debug\perproject_globals.obj
e:\vulkan\pathtracinglearn\vk_mini_path_tracer\checkpoints\e9_instances\shaders\raytrace.comp.glsl.spv
e:\vulkan\pathtracinglearn\vk_mini_path_tracer\cmake_build\checkpoints\e9_instances\cmakefiles\generate.stamp
e:\vulkan\pathtracinglearn\bin_x64\debug\vk_mini_path_tracer_e9_instances.exe
e:\vulkan\pathtracinglearn\vk_mini_path_tracer\cmake_build\checkpoints\e9_instances\vk_mini_path_tracer_e9_instances.dir\debug\vk_mini_path_tracer_e9_instances.ilk
e:\vulkan\pathtracinglearn\bin_x64\debug\vk_mini_path_tracer_e9_instances.pdb
e:\vulkan\pathtracinglearn\vk_mini_path_tracer\cmake_build\checkpoints\e9_instances\vk_mini_path_tracer_e9_instances.dir\debug\resources.res
e:\vulkan\pathtracinglearn\vk_mini_path_tracer\cmake_build\checkpoints\e9_instances\vk_mini_path_tracer_e9_instances.dir\debug\vk_mini_.16e50305.tlog\cl.command.1.tlog
e:\vulkan\pathtracinglearn\vk_mini_path_tracer\cmake_build\checkpoints\e9_instances\vk_mini_path_tracer_e9_instances.dir\debug\vk_mini_.16e50305.tlog\cl.read.1.tlog
e:\vulkan\pathtracinglearn\vk_mini_path_tracer\cmake_build\checkpoints\e9_instances\vk_mini_path_tracer_e9_instances.dir\debug\vk_mini_.16e50305.tlog\cl.write.1.tlog
e:\vulkan\pathtracinglearn\vk_mini_path_tracer\cmake_build\checkpoints\e9_instances\vk_mini_path_tracer_e9_instances.dir\debug\vk_mini_.16e50305.tlog\custombuild.command.1.tlog
e:\vulkan\pathtracinglearn\vk_mini_path_tracer\cmake_build\checkpoints\e9_instances\vk_mini_path_tracer_e9_instances.dir\debug\vk_mini_.16e50305.tlog\custombuild.read.1.tlog
e:\vulkan\pathtracinglearn\vk_mini_path_tracer\cmake_build\checkpoints\e9_instances\vk_mini_path_tracer_e9_instances.dir\debug\vk_mini_.16e50305.tlog\custombuild.write.1.tlog
e:\vulkan\pathtracinglearn\vk_mini_path_tracer\cmake_build\checkpoints\e9_instances\vk_mini_path_tracer_e9_instances.dir\debug\vk_mini_.16e50305.tlog\link.command.1.tlog
e:\vulkan\pathtracinglearn\vk_mini_path_tracer\cmake_build\checkpoints\e9_instances\vk_mini_path_tracer_e9_instances.dir\debug\vk_mini_.16e50305.tlog\link.read.1.tlog
e:\vulkan\pathtracinglearn\vk_mini_path_tracer\cmake_build\checkpoints\e9_instances\vk_mini_path_tracer_e9_instances.dir\debug\vk_mini_.16e50305.tlog\link.write.1.tlog
e:\vulkan\pathtracinglearn\vk_mini_path_tracer\cmake_build\checkpoints\e9_instances\vk_mini_path_tracer_e9_instances.dir\debug\vk_mini_.16e50305.tlog\rc.command.1.tlog
e:\vulkan\pathtracinglearn\vk_mini_path_tracer\cmake_build\checkpoints\e9_instances\vk_mini_path_tracer_e9_instances.dir\debug\vk_mini_.16e50305.tlog\rc.read.1.tlog
e:\vulkan\pathtracinglearn\vk_mini_path_tracer\cmake_build\checkpoints\e9_instances\vk_mini_path_tracer_e9_instances.dir\debug\vk_mini_.16e50305.tlog\rc.write.1.tlog
