e:\vulkan\pathtracinglearn\vk_mini_path_tracer\cmake_build\checkpoints\e4_include\vk_mini_path_tracer_e4_include.dir\debug\vc142.pdb
e:\vulkan\pathtracinglearn\vk_mini_path_tracer\cmake_build\checkpoints\e4_include\vk_mini_path_tracer_e4_include.dir\debug\main.obj
e:\vulkan\pathtracinglearn\vk_mini_path_tracer\cmake_build\checkpoints\e4_include\vk_mini_path_tracer_e4_include.dir\debug\nsight_aftermath_vk.obj
e:\vulkan\pathtracinglearn\vk_mini_path_tracer\cmake_build\checkpoints\e4_include\vk_mini_path_tracer_e4_include.dir\debug\perproject_globals.obj
e:\vulkan\pathtracinglearn\vk_mini_path_tracer\checkpoints\e4_include\shaders\raytrace.comp.glsl.spv
e:\vulkan\pathtracinglearn\vk_mini_path_tracer\cmake_build\checkpoints\e4_include\cmakefiles\generate.stamp
e:\vulkan\pathtracinglearn\bin_x64\debug\vk_mini_path_tracer_e4_include.exe
e:\vulkan\pathtracinglearn\vk_mini_path_tracer\cmake_build\checkpoints\e4_include\vk_mini_path_tracer_e4_include.dir\debug\vk_mini_path_tracer_e4_include.ilk
e:\vulkan\pathtracinglearn\bin_x64\debug\vk_mini_path_tracer_e4_include.pdb
e:\vulkan\pathtracinglearn\vk_mini_path_tracer\cmake_build\checkpoints\e4_include\vk_mini_path_tracer_e4_include.dir\debug\resources.res
e:\vulkan\pathtracinglearn\vk_mini_path_tracer\cmake_build\checkpoints\e4_include\vk_mini_path_tracer_e4_include.dir\debug\vk_mini_.bbac4973.tlog\cl.command.1.tlog
e:\vulkan\pathtracinglearn\vk_mini_path_tracer\cmake_build\checkpoints\e4_include\vk_mini_path_tracer_e4_include.dir\debug\vk_mini_.bbac4973.tlog\cl.read.1.tlog
e:\vulkan\pathtracinglearn\vk_mini_path_tracer\cmake_build\checkpoints\e4_include\vk_mini_path_tracer_e4_include.dir\debug\vk_mini_.bbac4973.tlog\cl.write.1.tlog
e:\vulkan\pathtracinglearn\vk_mini_path_tracer\cmake_build\checkpoints\e4_include\vk_mini_path_tracer_e4_include.dir\debug\vk_mini_.bbac4973.tlog\custombuild.command.1.tlog
e:\vulkan\pathtracinglearn\vk_mini_path_tracer\cmake_build\checkpoints\e4_include\vk_mini_path_tracer_e4_include.dir\debug\vk_mini_.bbac4973.tlog\custombuild.read.1.tlog
e:\vulkan\pathtracinglearn\vk_mini_path_tracer\cmake_build\checkpoints\e4_include\vk_mini_path_tracer_e4_include.dir\debug\vk_mini_.bbac4973.tlog\custombuild.write.1.tlog
e:\vulkan\pathtracinglearn\vk_mini_path_tracer\cmake_build\checkpoints\e4_include\vk_mini_path_tracer_e4_include.dir\debug\vk_mini_.bbac4973.tlog\link.command.1.tlog
e:\vulkan\pathtracinglearn\vk_mini_path_tracer\cmake_build\checkpoints\e4_include\vk_mini_path_tracer_e4_include.dir\debug\vk_mini_.bbac4973.tlog\link.read.1.tlog
e:\vulkan\pathtracinglearn\vk_mini_path_tracer\cmake_build\checkpoints\e4_include\vk_mini_path_tracer_e4_include.dir\debug\vk_mini_.bbac4973.tlog\link.write.1.tlog
e:\vulkan\pathtracinglearn\vk_mini_path_tracer\cmake_build\checkpoints\e4_include\vk_mini_path_tracer_e4_include.dir\debug\vk_mini_.bbac4973.tlog\rc.command.1.tlog
e:\vulkan\pathtracinglearn\vk_mini_path_tracer\cmake_build\checkpoints\e4_include\vk_mini_path_tracer_e4_include.dir\debug\vk_mini_.bbac4973.tlog\rc.read.1.tlog
e:\vulkan\pathtracinglearn\vk_mini_path_tracer\cmake_build\checkpoints\e4_include\vk_mini_path_tracer_e4_include.dir\debug\vk_mini_.bbac4973.tlog\rc.write.1.tlog
