e:\vulkan\pathtracinglearn\vk_mini_path_tracer\cmake_build\vk_mini_path_tracer\vk_mini_path_tracer.dir\debug\vc142.pdb
e:\vulkan\pathtracinglearn\vk_mini_path_tracer\cmake_build\vk_mini_path_tracer\vk_mini_path_tracer.dir\debug\main.obj
e:\vulkan\pathtracinglearn\vk_mini_path_tracer\cmake_build\vk_mini_path_tracer\vk_mini_path_tracer.dir\debug\perproject_globals.obj
e:\vulkan\pathtracinglearn\vk_mini_path_tracer\cmake_build\vk_mini_path_tracer\vk_mini_path_tracer.dir\debug\nsight_aftermath_vk.obj
e:\vulkan\pathtracinglearn\vk_mini_path_tracer\vk_mini_path_tracer\shaders\raytrace.comp.glsl.spv
e:\vulkan\pathtracinglearn\vk_mini_path_tracer\cmake_build\vk_mini_path_tracer\cmakefiles\generate.stamp
e:\vulkan\pathtracinglearn\bin_x64\debug\vk_mini_path_tracer.exe
e:\vulkan\pathtracinglearn\vk_mini_path_tracer\cmake_build\vk_mini_path_tracer\vk_mini_path_tracer.dir\debug\vk_mini_path_tracer.ilk
e:\vulkan\pathtracinglearn\bin_x64\debug\vk_mini_path_tracer.pdb
e:\vulkan\pathtracinglearn\vk_mini_path_tracer\cmake_build\vk_mini_path_tracer\vk_mini_path_tracer.dir\debug\resources.res
e:\vulkan\pathtracinglearn\vk_mini_path_tracer\cmake_build\vk_mini_path_tracer\vk_mini_path_tracer.dir\debug\vk_mini_.b3d709bb.tlog\cl.command.1.tlog
e:\vulkan\pathtracinglearn\vk_mini_path_tracer\cmake_build\vk_mini_path_tracer\vk_mini_path_tracer.dir\debug\vk_mini_.b3d709bb.tlog\cl.read.1.tlog
e:\vulkan\pathtracinglearn\vk_mini_path_tracer\cmake_build\vk_mini_path_tracer\vk_mini_path_tracer.dir\debug\vk_mini_.b3d709bb.tlog\cl.write.1.tlog
e:\vulkan\pathtracinglearn\vk_mini_path_tracer\cmake_build\vk_mini_path_tracer\vk_mini_path_tracer.dir\debug\vk_mini_.b3d709bb.tlog\custombuild.command.1.tlog
e:\vulkan\pathtracinglearn\vk_mini_path_tracer\cmake_build\vk_mini_path_tracer\vk_mini_path_tracer.dir\debug\vk_mini_.b3d709bb.tlog\custombuild.read.1.tlog
e:\vulkan\pathtracinglearn\vk_mini_path_tracer\cmake_build\vk_mini_path_tracer\vk_mini_path_tracer.dir\debug\vk_mini_.b3d709bb.tlog\custombuild.write.1.tlog
e:\vulkan\pathtracinglearn\vk_mini_path_tracer\cmake_build\vk_mini_path_tracer\vk_mini_path_tracer.dir\debug\vk_mini_.b3d709bb.tlog\link.command.1.tlog
e:\vulkan\pathtracinglearn\vk_mini_path_tracer\cmake_build\vk_mini_path_tracer\vk_mini_path_tracer.dir\debug\vk_mini_.b3d709bb.tlog\link.read.1.tlog
e:\vulkan\pathtracinglearn\vk_mini_path_tracer\cmake_build\vk_mini_path_tracer\vk_mini_path_tracer.dir\debug\vk_mini_.b3d709bb.tlog\link.write.1.tlog
e:\vulkan\pathtracinglearn\vk_mini_path_tracer\cmake_build\vk_mini_path_tracer\vk_mini_path_tracer.dir\debug\vk_mini_.b3d709bb.tlog\rc.command.1.tlog
e:\vulkan\pathtracinglearn\vk_mini_path_tracer\cmake_build\vk_mini_path_tracer\vk_mini_path_tracer.dir\debug\vk_mini_.b3d709bb.tlog\rc.read.1.tlog
e:\vulkan\pathtracinglearn\vk_mini_path_tracer\cmake_build\vk_mini_path_tracer\vk_mini_path_tracer.dir\debug\vk_mini_.b3d709bb.tlog\rc.write.1.tlog
