e:\vulkan\pathtracinglearn\vk_mini_path_tracer\cmake_build\checkpoints\5_write_image\vk_mini_path_tracer_5_write_image.dir\debug\vc142.pdb
e:\vulkan\pathtracinglearn\vk_mini_path_tracer\cmake_build\checkpoints\5_write_image\vk_mini_path_tracer_5_write_image.dir\debug\main.obj
e:\vulkan\pathtracinglearn\vk_mini_path_tracer\cmake_build\checkpoints\5_write_image\vk_mini_path_tracer_5_write_image.dir\debug\perproject_globals.obj
e:\vulkan\pathtracinglearn\vk_mini_path_tracer\cmake_build\checkpoints\5_write_image\vk_mini_path_tracer_5_write_image.dir\debug\nsight_aftermath_vk.obj
e:\vulkan\pathtracinglearn\vk_mini_path_tracer\cmake_build\checkpoints\5_write_image\cmakefiles\generate.stamp
e:\vulkan\pathtracinglearn\bin_x64\debug\vk_mini_path_tracer_5_write_image.exe
e:\vulkan\pathtracinglearn\vk_mini_path_tracer\cmake_build\checkpoints\5_write_image\vk_mini_path_tracer_5_write_image.dir\debug\vk_mini_path_tracer_5_write_image.ilk
e:\vulkan\pathtracinglearn\bin_x64\debug\vk_mini_path_tracer_5_write_image.pdb
e:\vulkan\pathtracinglearn\vk_mini_path_tracer\cmake_build\checkpoints\5_write_image\vk_mini_path_tracer_5_write_image.dir\debug\resources.res
e:\vulkan\pathtracinglearn\vk_mini_path_tracer\cmake_build\checkpoints\5_write_image\vk_mini_path_tracer_5_write_image.dir\debug\vk_mini_.b46b6348.tlog\cl.command.1.tlog
e:\vulkan\pathtracinglearn\vk_mini_path_tracer\cmake_build\checkpoints\5_write_image\vk_mini_path_tracer_5_write_image.dir\debug\vk_mini_.b46b6348.tlog\cl.read.1.tlog
e:\vulkan\pathtracinglearn\vk_mini_path_tracer\cmake_build\checkpoints\5_write_image\vk_mini_path_tracer_5_write_image.dir\debug\vk_mini_.b46b6348.tlog\cl.write.1.tlog
e:\vulkan\pathtracinglearn\vk_mini_path_tracer\cmake_build\checkpoints\5_write_image\vk_mini_path_tracer_5_write_image.dir\debug\vk_mini_.b46b6348.tlog\custombuild.command.1.tlog
e:\vulkan\pathtracinglearn\vk_mini_path_tracer\cmake_build\checkpoints\5_write_image\vk_mini_path_tracer_5_write_image.dir\debug\vk_mini_.b46b6348.tlog\custombuild.read.1.tlog
e:\vulkan\pathtracinglearn\vk_mini_path_tracer\cmake_build\checkpoints\5_write_image\vk_mini_path_tracer_5_write_image.dir\debug\vk_mini_.b46b6348.tlog\custombuild.write.1.tlog
e:\vulkan\pathtracinglearn\vk_mini_path_tracer\cmake_build\checkpoints\5_write_image\vk_mini_path_tracer_5_write_image.dir\debug\vk_mini_.b46b6348.tlog\link.command.1.tlog
e:\vulkan\pathtracinglearn\vk_mini_path_tracer\cmake_build\checkpoints\5_write_image\vk_mini_path_tracer_5_write_image.dir\debug\vk_mini_.b46b6348.tlog\link.read.1.tlog
e:\vulkan\pathtracinglearn\vk_mini_path_tracer\cmake_build\checkpoints\5_write_image\vk_mini_path_tracer_5_write_image.dir\debug\vk_mini_.b46b6348.tlog\link.write.1.tlog
e:\vulkan\pathtracinglearn\vk_mini_path_tracer\cmake_build\checkpoints\5_write_image\vk_mini_path_tracer_5_write_image.dir\debug\vk_mini_.b46b6348.tlog\rc.command.1.tlog
e:\vulkan\pathtracinglearn\vk_mini_path_tracer\cmake_build\checkpoints\5_write_image\vk_mini_path_tracer_5_write_image.dir\debug\vk_mini_.b46b6348.tlog\rc.read.1.tlog
e:\vulkan\pathtracinglearn\vk_mini_path_tracer\cmake_build\checkpoints\5_write_image\vk_mini_path_tracer_5_write_image.dir\debug\vk_mini_.b46b6348.tlog\rc.write.1.tlog
