e:\vulkan\pathtracinglearn\vk_mini_path_tracer\cmake_build\checkpoints\10_mesh_data\vk_mini_path_tracer_10_mesh_data.dir\debug\vc142.pdb
e:\vulkan\pathtracinglearn\vk_mini_path_tracer\cmake_build\checkpoints\10_mesh_data\vk_mini_path_tracer_10_mesh_data.dir\debug\main.obj
e:\vulkan\pathtracinglearn\vk_mini_path_tracer\cmake_build\checkpoints\10_mesh_data\vk_mini_path_tracer_10_mesh_data.dir\debug\nsight_aftermath_vk.obj
e:\vulkan\pathtracinglearn\vk_mini_path_tracer\cmake_build\checkpoints\10_mesh_data\vk_mini_path_tracer_10_mesh_data.dir\debug\perproject_globals.obj
e:\vulkan\pathtracinglearn\vk_mini_path_tracer\checkpoints\10_mesh_data\shaders\raytrace.comp.glsl.spv
e:\vulkan\pathtracinglearn\vk_mini_path_tracer\cmake_build\checkpoints\10_mesh_data\cmakefiles\generate.stamp
e:\vulkan\pathtracinglearn\bin_x64\debug\vk_mini_path_tracer_10_mesh_data.exe
e:\vulkan\pathtracinglearn\vk_mini_path_tracer\cmake_build\checkpoints\10_mesh_data\vk_mini_path_tracer_10_mesh_data.dir\debug\vk_mini_path_tracer_10_mesh_data.ilk
e:\vulkan\pathtracinglearn\bin_x64\debug\vk_mini_path_tracer_10_mesh_data.pdb
e:\vulkan\pathtracinglearn\vk_mini_path_tracer\cmake_build\checkpoints\10_mesh_data\vk_mini_path_tracer_10_mesh_data.dir\debug\resources.res
e:\vulkan\pathtracinglearn\vk_mini_path_tracer\cmake_build\checkpoints\10_mesh_data\vk_mini_path_tracer_10_mesh_data.dir\debug\vk_mini_.2917b798.tlog\cl.command.1.tlog
e:\vulkan\pathtracinglearn\vk_mini_path_tracer\cmake_build\checkpoints\10_mesh_data\vk_mini_path_tracer_10_mesh_data.dir\debug\vk_mini_.2917b798.tlog\cl.read.1.tlog
e:\vulkan\pathtracinglearn\vk_mini_path_tracer\cmake_build\checkpoints\10_mesh_data\vk_mini_path_tracer_10_mesh_data.dir\debug\vk_mini_.2917b798.tlog\cl.write.1.tlog
e:\vulkan\pathtracinglearn\vk_mini_path_tracer\cmake_build\checkpoints\10_mesh_data\vk_mini_path_tracer_10_mesh_data.dir\debug\vk_mini_.2917b798.tlog\custombuild.command.1.tlog
e:\vulkan\pathtracinglearn\vk_mini_path_tracer\cmake_build\checkpoints\10_mesh_data\vk_mini_path_tracer_10_mesh_data.dir\debug\vk_mini_.2917b798.tlog\custombuild.read.1.tlog
e:\vulkan\pathtracinglearn\vk_mini_path_tracer\cmake_build\checkpoints\10_mesh_data\vk_mini_path_tracer_10_mesh_data.dir\debug\vk_mini_.2917b798.tlog\custombuild.write.1.tlog
e:\vulkan\pathtracinglearn\vk_mini_path_tracer\cmake_build\checkpoints\10_mesh_data\vk_mini_path_tracer_10_mesh_data.dir\debug\vk_mini_.2917b798.tlog\link.command.1.tlog
e:\vulkan\pathtracinglearn\vk_mini_path_tracer\cmake_build\checkpoints\10_mesh_data\vk_mini_path_tracer_10_mesh_data.dir\debug\vk_mini_.2917b798.tlog\link.read.1.tlog
e:\vulkan\pathtracinglearn\vk_mini_path_tracer\cmake_build\checkpoints\10_mesh_data\vk_mini_path_tracer_10_mesh_data.dir\debug\vk_mini_.2917b798.tlog\link.write.1.tlog
e:\vulkan\pathtracinglearn\vk_mini_path_tracer\cmake_build\checkpoints\10_mesh_data\vk_mini_path_tracer_10_mesh_data.dir\debug\vk_mini_.2917b798.tlog\rc.command.1.tlog
e:\vulkan\pathtracinglearn\vk_mini_path_tracer\cmake_build\checkpoints\10_mesh_data\vk_mini_path_tracer_10_mesh_data.dir\debug\vk_mini_.2917b798.tlog\rc.read.1.tlog
e:\vulkan\pathtracinglearn\vk_mini_path_tracer\cmake_build\checkpoints\10_mesh_data\vk_mini_path_tracer_10_mesh_data.dir\debug\vk_mini_.2917b798.tlog\rc.write.1.tlog
