e:\vulkan\pathtracinglearn\vk_mini_path_tracer\cmake_build\checkpoints\11_specular\vk_mini_path_tracer_11_specular.dir\debug\vc142.pdb
e:\vulkan\pathtracinglearn\vk_mini_path_tracer\cmake_build\checkpoints\11_specular\vk_mini_path_tracer_11_specular.dir\debug\main.obj
e:\vulkan\pathtracinglearn\vk_mini_path_tracer\cmake_build\checkpoints\11_specular\vk_mini_path_tracer_11_specular.dir\debug\nsight_aftermath_vk.obj
e:\vulkan\pathtracinglearn\vk_mini_path_tracer\cmake_build\checkpoints\11_specular\vk_mini_path_tracer_11_specular.dir\debug\perproject_globals.obj
e:\vulkan\pathtracinglearn\vk_mini_path_tracer\checkpoints\11_specular\shaders\raytrace.comp.glsl.spv
e:\vulkan\pathtracinglearn\vk_mini_path_tracer\cmake_build\checkpoints\11_specular\cmakefiles\generate.stamp
e:\vulkan\pathtracinglearn\bin_x64\debug\vk_mini_path_tracer_11_specular.exe
e:\vulkan\pathtracinglearn\vk_mini_path_tracer\cmake_build\checkpoints\11_specular\vk_mini_path_tracer_11_specular.dir\debug\vk_mini_path_tracer_11_specular.ilk
e:\vulkan\pathtracinglearn\bin_x64\debug\vk_mini_path_tracer_11_specular.pdb
e:\vulkan\pathtracinglearn\vk_mini_path_tracer\cmake_build\checkpoints\11_specular\vk_mini_path_tracer_11_specular.dir\debug\resources.res
e:\vulkan\pathtracinglearn\vk_mini_path_tracer\cmake_build\checkpoints\11_specular\vk_mini_path_tracer_11_specular.dir\debug\vk_mini_.84cd1b26.tlog\cl.command.1.tlog
e:\vulkan\pathtracinglearn\vk_mini_path_tracer\cmake_build\checkpoints\11_specular\vk_mini_path_tracer_11_specular.dir\debug\vk_mini_.84cd1b26.tlog\cl.read.1.tlog
e:\vulkan\pathtracinglearn\vk_mini_path_tracer\cmake_build\checkpoints\11_specular\vk_mini_path_tracer_11_specular.dir\debug\vk_mini_.84cd1b26.tlog\cl.write.1.tlog
e:\vulkan\pathtracinglearn\vk_mini_path_tracer\cmake_build\checkpoints\11_specular\vk_mini_path_tracer_11_specular.dir\debug\vk_mini_.84cd1b26.tlog\custombuild.command.1.tlog
e:\vulkan\pathtracinglearn\vk_mini_path_tracer\cmake_build\checkpoints\11_specular\vk_mini_path_tracer_11_specular.dir\debug\vk_mini_.84cd1b26.tlog\custombuild.read.1.tlog
e:\vulkan\pathtracinglearn\vk_mini_path_tracer\cmake_build\checkpoints\11_specular\vk_mini_path_tracer_11_specular.dir\debug\vk_mini_.84cd1b26.tlog\custombuild.write.1.tlog
e:\vulkan\pathtracinglearn\vk_mini_path_tracer\cmake_build\checkpoints\11_specular\vk_mini_path_tracer_11_specular.dir\debug\vk_mini_.84cd1b26.tlog\link.command.1.tlog
e:\vulkan\pathtracinglearn\vk_mini_path_tracer\cmake_build\checkpoints\11_specular\vk_mini_path_tracer_11_specular.dir\debug\vk_mini_.84cd1b26.tlog\link.read.1.tlog
e:\vulkan\pathtracinglearn\vk_mini_path_tracer\cmake_build\checkpoints\11_specular\vk_mini_path_tracer_11_specular.dir\debug\vk_mini_.84cd1b26.tlog\link.write.1.tlog
e:\vulkan\pathtracinglearn\vk_mini_path_tracer\cmake_build\checkpoints\11_specular\vk_mini_path_tracer_11_specular.dir\debug\vk_mini_.84cd1b26.tlog\rc.command.1.tlog
e:\vulkan\pathtracinglearn\vk_mini_path_tracer\cmake_build\checkpoints\11_specular\vk_mini_path_tracer_11_specular.dir\debug\vk_mini_.84cd1b26.tlog\rc.read.1.tlog
e:\vulkan\pathtracinglearn\vk_mini_path_tracer\cmake_build\checkpoints\11_specular\vk_mini_path_tracer_11_specular.dir\debug\vk_mini_.84cd1b26.tlog\rc.write.1.tlog
