e:\vulkan\pathtracinglearn\vk_mini_path_tracer\cmake_build\checkpoints\e6_more_samples\vk_mini_path_tracer_e6_more_samples.dir\debug\vc142.pdb
e:\vulkan\pathtracinglearn\vk_mini_path_tracer\cmake_build\checkpoints\e6_more_samples\vk_mini_path_tracer_e6_more_samples.dir\debug\main.obj
e:\vulkan\pathtracinglearn\vk_mini_path_tracer\cmake_build\checkpoints\e6_more_samples\vk_mini_path_tracer_e6_more_samples.dir\debug\nsight_aftermath_vk.obj
e:\vulkan\pathtracinglearn\vk_mini_path_tracer\cmake_build\checkpoints\e6_more_samples\vk_mini_path_tracer_e6_more_samples.dir\debug\perproject_globals.obj
e:\vulkan\pathtracinglearn\vk_mini_path_tracer\checkpoints\e6_more_samples\shaders\raytrace.comp.glsl.spv
e:\vulkan\pathtracinglearn\vk_mini_path_tracer\cmake_build\checkpoints\e6_more_samples\cmakefiles\generate.stamp
e:\vulkan\pathtracinglearn\bin_x64\debug\vk_mini_path_tracer_e6_more_samples.exe
e:\vulkan\pathtracinglearn\vk_mini_path_tracer\cmake_build\checkpoints\e6_more_samples\vk_mini_path_tracer_e6_more_samples.dir\debug\vk_mini_path_tracer_e6_more_samples.ilk
e:\vulkan\pathtracinglearn\bin_x64\debug\vk_mini_path_tracer_e6_more_samples.pdb
e:\vulkan\pathtracinglearn\vk_mini_path_tracer\cmake_build\checkpoints\e6_more_samples\vk_mini_path_tracer_e6_more_samples.dir\debug\resources.res
e:\vulkan\pathtracinglearn\vk_mini_path_tracer\cmake_build\checkpoints\e6_more_samples\vk_mini_path_tracer_e6_more_samples.dir\debug\vk_mini_.147f5893.tlog\cl.command.1.tlog
e:\vulkan\pathtracinglearn\vk_mini_path_tracer\cmake_build\checkpoints\e6_more_samples\vk_mini_path_tracer_e6_more_samples.dir\debug\vk_mini_.147f5893.tlog\cl.read.1.tlog
e:\vulkan\pathtracinglearn\vk_mini_path_tracer\cmake_build\checkpoints\e6_more_samples\vk_mini_path_tracer_e6_more_samples.dir\debug\vk_mini_.147f5893.tlog\cl.write.1.tlog
e:\vulkan\pathtracinglearn\vk_mini_path_tracer\cmake_build\checkpoints\e6_more_samples\vk_mini_path_tracer_e6_more_samples.dir\debug\vk_mini_.147f5893.tlog\custombuild.command.1.tlog
e:\vulkan\pathtracinglearn\vk_mini_path_tracer\cmake_build\checkpoints\e6_more_samples\vk_mini_path_tracer_e6_more_samples.dir\debug\vk_mini_.147f5893.tlog\custombuild.read.1.tlog
e:\vulkan\pathtracinglearn\vk_mini_path_tracer\cmake_build\checkpoints\e6_more_samples\vk_mini_path_tracer_e6_more_samples.dir\debug\vk_mini_.147f5893.tlog\custombuild.write.1.tlog
e:\vulkan\pathtracinglearn\vk_mini_path_tracer\cmake_build\checkpoints\e6_more_samples\vk_mini_path_tracer_e6_more_samples.dir\debug\vk_mini_.147f5893.tlog\link.command.1.tlog
e:\vulkan\pathtracinglearn\vk_mini_path_tracer\cmake_build\checkpoints\e6_more_samples\vk_mini_path_tracer_e6_more_samples.dir\debug\vk_mini_.147f5893.tlog\link.read.1.tlog
e:\vulkan\pathtracinglearn\vk_mini_path_tracer\cmake_build\checkpoints\e6_more_samples\vk_mini_path_tracer_e6_more_samples.dir\debug\vk_mini_.147f5893.tlog\link.write.1.tlog
e:\vulkan\pathtracinglearn\vk_mini_path_tracer\cmake_build\checkpoints\e6_more_samples\vk_mini_path_tracer_e6_more_samples.dir\debug\vk_mini_.147f5893.tlog\rc.command.1.tlog
e:\vulkan\pathtracinglearn\vk_mini_path_tracer\cmake_build\checkpoints\e6_more_samples\vk_mini_path_tracer_e6_more_samples.dir\debug\vk_mini_.147f5893.tlog\rc.read.1.tlog
e:\vulkan\pathtracinglearn\vk_mini_path_tracer\cmake_build\checkpoints\e6_more_samples\vk_mini_path_tracer_e6_more_samples.dir\debug\vk_mini_.147f5893.tlog\rc.write.1.tlog
