e:\vulkan\pathtracinglearn\vk_mini_path_tracer\cmake_build\checkpoints\3_memory\vk_mini_path_tracer_3_memory.dir\debug\vc142.pdb
e:\vulkan\pathtracinglearn\vk_mini_path_tracer\cmake_build\checkpoints\3_memory\vk_mini_path_tracer_3_memory.dir\debug\main.obj
e:\vulkan\pathtracinglearn\vk_mini_path_tracer\cmake_build\checkpoints\3_memory\vk_mini_path_tracer_3_memory.dir\debug\perproject_globals.obj
e:\vulkan\pathtracinglearn\vk_mini_path_tracer\cmake_build\checkpoints\3_memory\vk_mini_path_tracer_3_memory.dir\debug\nsight_aftermath_vk.obj
e:\vulkan\pathtracinglearn\vk_mini_path_tracer\cmake_build\checkpoints\3_memory\cmakefiles\generate.stamp
e:\vulkan\pathtracinglearn\bin_x64\debug\vk_mini_path_tracer_3_memory.exe
e:\vulkan\pathtracinglearn\vk_mini_path_tracer\cmake_build\checkpoints\3_memory\vk_mini_path_tracer_3_memory.dir\debug\vk_mini_path_tracer_3_memory.ilk
e:\vulkan\pathtracinglearn\bin_x64\debug\vk_mini_path_tracer_3_memory.pdb
e:\vulkan\pathtracinglearn\vk_mini_path_tracer\cmake_build\checkpoints\3_memory\vk_mini_path_tracer_3_memory.dir\debug\resources.res
e:\vulkan\pathtracinglearn\vk_mini_path_tracer\cmake_build\checkpoints\3_memory\vk_mini_path_tracer_3_memory.dir\debug\vk_mini_.4cbde0e2.tlog\cl.command.1.tlog
e:\vulkan\pathtracinglearn\vk_mini_path_tracer\cmake_build\checkpoints\3_memory\vk_mini_path_tracer_3_memory.dir\debug\vk_mini_.4cbde0e2.tlog\cl.read.1.tlog
e:\vulkan\pathtracinglearn\vk_mini_path_tracer\cmake_build\checkpoints\3_memory\vk_mini_path_tracer_3_memory.dir\debug\vk_mini_.4cbde0e2.tlog\cl.write.1.tlog
e:\vulkan\pathtracinglearn\vk_mini_path_tracer\cmake_build\checkpoints\3_memory\vk_mini_path_tracer_3_memory.dir\debug\vk_mini_.4cbde0e2.tlog\custombuild.command.1.tlog
e:\vulkan\pathtracinglearn\vk_mini_path_tracer\cmake_build\checkpoints\3_memory\vk_mini_path_tracer_3_memory.dir\debug\vk_mini_.4cbde0e2.tlog\custombuild.read.1.tlog
e:\vulkan\pathtracinglearn\vk_mini_path_tracer\cmake_build\checkpoints\3_memory\vk_mini_path_tracer_3_memory.dir\debug\vk_mini_.4cbde0e2.tlog\custombuild.write.1.tlog
e:\vulkan\pathtracinglearn\vk_mini_path_tracer\cmake_build\checkpoints\3_memory\vk_mini_path_tracer_3_memory.dir\debug\vk_mini_.4cbde0e2.tlog\link.command.1.tlog
e:\vulkan\pathtracinglearn\vk_mini_path_tracer\cmake_build\checkpoints\3_memory\vk_mini_path_tracer_3_memory.dir\debug\vk_mini_.4cbde0e2.tlog\link.read.1.tlog
e:\vulkan\pathtracinglearn\vk_mini_path_tracer\cmake_build\checkpoints\3_memory\vk_mini_path_tracer_3_memory.dir\debug\vk_mini_.4cbde0e2.tlog\link.write.1.tlog
e:\vulkan\pathtracinglearn\vk_mini_path_tracer\cmake_build\checkpoints\3_memory\vk_mini_path_tracer_3_memory.dir\debug\vk_mini_.4cbde0e2.tlog\rc.command.1.tlog
e:\vulkan\pathtracinglearn\vk_mini_path_tracer\cmake_build\checkpoints\3_memory\vk_mini_path_tracer_3_memory.dir\debug\vk_mini_.4cbde0e2.tlog\rc.read.1.tlog
e:\vulkan\pathtracinglearn\vk_mini_path_tracer\cmake_build\checkpoints\3_memory\vk_mini_path_tracer_3_memory.dir\debug\vk_mini_.4cbde0e2.tlog\rc.write.1.tlog
