e:\vulkan\pathtracinglearn\vk_mini_path_tracer\cmake_build\checkpoints\12_antialiasing\vk_mini_path_tracer_12_antialiasing.dir\debug\vc142.pdb
e:\vulkan\pathtracinglearn\vk_mini_path_tracer\cmake_build\checkpoints\12_antialiasing\vk_mini_path_tracer_12_antialiasing.dir\debug\main.obj
e:\vulkan\pathtracinglearn\vk_mini_path_tracer\cmake_build\checkpoints\12_antialiasing\vk_mini_path_tracer_12_antialiasing.dir\debug\nsight_aftermath_vk.obj
e:\vulkan\pathtracinglearn\vk_mini_path_tracer\cmake_build\checkpoints\12_antialiasing\vk_mini_path_tracer_12_antialiasing.dir\debug\perproject_globals.obj
e:\vulkan\pathtracinglearn\vk_mini_path_tracer\checkpoints\12_antialiasing\shaders\raytrace.comp.glsl.spv
e:\vulkan\pathtracinglearn\vk_mini_path_tracer\cmake_build\checkpoints\12_antialiasing\cmakefiles\generate.stamp
e:\vulkan\pathtracinglearn\bin_x64\debug\vk_mini_path_tracer_12_antialiasing.exe
e:\vulkan\pathtracinglearn\vk_mini_path_tracer\cmake_build\checkpoints\12_antialiasing\vk_mini_path_tracer_12_antialiasing.dir\debug\vk_mini_path_tracer_12_antialiasing.ilk
e:\vulkan\pathtracinglearn\bin_x64\debug\vk_mini_path_tracer_12_antialiasing.pdb
e:\vulkan\pathtracinglearn\vk_mini_path_tracer\cmake_build\checkpoints\12_antialiasing\vk_mini_path_tracer_12_antialiasing.dir\debug\resources.res
e:\vulkan\pathtracinglearn\vk_mini_path_tracer\cmake_build\checkpoints\12_antialiasing\vk_mini_path_tracer_12_antialiasing.dir\debug\vk_mini_.5c45bcbb.tlog\cl.command.1.tlog
e:\vulkan\pathtracinglearn\vk_mini_path_tracer\cmake_build\checkpoints\12_antialiasing\vk_mini_path_tracer_12_antialiasing.dir\debug\vk_mini_.5c45bcbb.tlog\cl.read.1.tlog
e:\vulkan\pathtracinglearn\vk_mini_path_tracer\cmake_build\checkpoints\12_antialiasing\vk_mini_path_tracer_12_antialiasing.dir\debug\vk_mini_.5c45bcbb.tlog\cl.write.1.tlog
e:\vulkan\pathtracinglearn\vk_mini_path_tracer\cmake_build\checkpoints\12_antialiasing\vk_mini_path_tracer_12_antialiasing.dir\debug\vk_mini_.5c45bcbb.tlog\custombuild.command.1.tlog
e:\vulkan\pathtracinglearn\vk_mini_path_tracer\cmake_build\checkpoints\12_antialiasing\vk_mini_path_tracer_12_antialiasing.dir\debug\vk_mini_.5c45bcbb.tlog\custombuild.read.1.tlog
e:\vulkan\pathtracinglearn\vk_mini_path_tracer\cmake_build\checkpoints\12_antialiasing\vk_mini_path_tracer_12_antialiasing.dir\debug\vk_mini_.5c45bcbb.tlog\custombuild.write.1.tlog
e:\vulkan\pathtracinglearn\vk_mini_path_tracer\cmake_build\checkpoints\12_antialiasing\vk_mini_path_tracer_12_antialiasing.dir\debug\vk_mini_.5c45bcbb.tlog\link.command.1.tlog
e:\vulkan\pathtracinglearn\vk_mini_path_tracer\cmake_build\checkpoints\12_antialiasing\vk_mini_path_tracer_12_antialiasing.dir\debug\vk_mini_.5c45bcbb.tlog\link.read.1.tlog
e:\vulkan\pathtracinglearn\vk_mini_path_tracer\cmake_build\checkpoints\12_antialiasing\vk_mini_path_tracer_12_antialiasing.dir\debug\vk_mini_.5c45bcbb.tlog\link.write.1.tlog
e:\vulkan\pathtracinglearn\vk_mini_path_tracer\cmake_build\checkpoints\12_antialiasing\vk_mini_path_tracer_12_antialiasing.dir\debug\vk_mini_.5c45bcbb.tlog\rc.command.1.tlog
e:\vulkan\pathtracinglearn\vk_mini_path_tracer\cmake_build\checkpoints\12_antialiasing\vk_mini_path_tracer_12_antialiasing.dir\debug\vk_mini_.5c45bcbb.tlog\rc.read.1.tlog
e:\vulkan\pathtracinglearn\vk_mini_path_tracer\cmake_build\checkpoints\12_antialiasing\vk_mini_path_tracer_12_antialiasing.dir\debug\vk_mini_.5c45bcbb.tlog\rc.write.1.tlog
